
============ Epoch 0 ============
Train Acc: 0.0087
Train Time: 365.3640
Val Acc: 0.0050
VAL FGSM Acc: 0.0040
VAL PGD Acc: 0.0030
Val Time: 30.8567
============ Epoch 1 ============
Train Acc: 0.0167
Train Time: 358.0084
Val Acc: 0.0040
VAL FGSM Acc: 0.0040
VAL PGD Acc: 0.0040
Val Time: 30.9422
============ Epoch 2 ============
Train Acc: 0.0221
Train Time: 356.9661
Val Acc: 0.0100
VAL FGSM Acc: 0.0060
VAL PGD Acc: 0.0060
Val Time: 30.9850
============ Epoch 3 ============
Train Acc: 0.0275
Train Time: 357.7896
Val Acc: 0.0060
VAL FGSM Acc: 0.0055
VAL PGD Acc: 0.0055
Val Time: 31.1821
============ Epoch 4 ============
Train Acc: 0.0332
Train Time: 358.2433
Val Acc: 0.0105
VAL FGSM Acc: 0.0055
VAL PGD Acc: 0.0055
Val Time: 31.0743
============ Epoch 5 ============
Train Acc: 0.0402
Train Time: 357.8130
Val Acc: 0.0110
VAL FGSM Acc: 0.0070
VAL PGD Acc: 0.0070
Val Time: 31.1515
============ Epoch 6 ============
Train Acc: 0.0467
Train Time: 357.8828
Val Acc: 0.0095
VAL FGSM Acc: 0.0060
VAL PGD Acc: 0.0060
Val Time: 31.0970
============ Epoch 7 ============
Train Acc: 0.0512
Train Time: 357.6004
Val Acc: 0.0120
VAL FGSM Acc: 0.0080
VAL PGD Acc: 0.0080
Val Time: 31.1425
============ Epoch 8 ============
Train Acc: 0.0567
Train Time: 358.0572
Val Acc: 0.0185
VAL FGSM Acc: 0.0105
VAL PGD Acc: 0.0105
Val Time: 31.0504
============ Epoch 9 ============
Train Acc: 0.0616
Train Time: 357.5377
Val Acc: 0.0230
VAL FGSM Acc: 0.0130
VAL PGD Acc: 0.0135
Val Time: 31.0395
============ Epoch 10 ============
Train Acc: 0.0675
Train Time: 358.0033
Val Acc: 0.0295
VAL FGSM Acc: 0.0145
VAL PGD Acc: 0.0145
Val Time: 31.0547
============ Epoch 11 ============
Train Acc: 0.0723
Train Time: 357.5869
Val Acc: 0.0320
VAL FGSM Acc: 0.0175
VAL PGD Acc: 0.0175
Val Time: 31.0119
============ Epoch 12 ============
Train Acc: 0.0771
Train Time: 358.3141
Val Acc: 0.0355
VAL FGSM Acc: 0.0165
VAL PGD Acc: 0.0170
Val Time: 31.0419
============ Epoch 13 ============
Train Acc: 0.0816
Train Time: 357.9135
Val Acc: 0.0355
VAL FGSM Acc: 0.0175
VAL PGD Acc: 0.0175
Val Time: 30.9967
============ Epoch 14 ============
Train Acc: 0.0862
Train Time: 357.3075
Val Acc: 0.0305
VAL FGSM Acc: 0.0165
VAL PGD Acc: 0.0160
Val Time: 30.9839
============ Epoch 15 ============
Train Acc: 0.0902
Train Time: 356.9618
Val Acc: 0.0240
VAL FGSM Acc: 0.0155
VAL PGD Acc: 0.0160
Val Time: 30.9210
============ Epoch 16 ============
Train Acc: 0.0927
Train Time: 356.7125
Val Acc: 0.0215
VAL FGSM Acc: 0.0135
VAL PGD Acc: 0.0140
Val Time: 31.0193
============ Epoch 17 ============
Train Acc: 0.0946
Train Time: 357.1519
Val Acc: 0.0175
VAL FGSM Acc: 0.0120
VAL PGD Acc: 0.0120
Val Time: 30.9285
============ Epoch 18 ============
Train Acc: 0.0980
Train Time: 356.5733
Val Acc: 0.0170
VAL FGSM Acc: 0.0115
VAL PGD Acc: 0.0115
Val Time: 30.8954
============ Epoch 19 ============
Train Acc: 0.1009
Train Time: 356.9280
Val Acc: 0.0165
VAL FGSM Acc: 0.0110
VAL PGD Acc: 0.0110
Val Time: 30.8785
============ Epoch 20 ============
Train Acc: 0.1015
Train Time: 356.5785
Val Acc: 0.0160
VAL FGSM Acc: 0.0105
VAL PGD Acc: 0.0105
Val Time: 30.7820
============ Epoch 21 ============
Train Acc: 0.1036
Train Time: 356.0221
Val Acc: 0.0215
VAL FGSM Acc: 0.0115
VAL PGD Acc: 0.0115
Val Time: 30.7954
============ Epoch 22 ============
Train Acc: 0.1057
Train Time: 356.5661
Val Acc: 0.0305
VAL FGSM Acc: 0.0180
VAL PGD Acc: 0.0175
Val Time: 30.7716
============ Epoch 23 ============
Train Acc: 0.1082
Train Time: 356.6806
Val Acc: 0.0530
VAL FGSM Acc: 0.0240
VAL PGD Acc: 0.0235
Val Time: 30.8087
============ Epoch 24 ============
Train Acc: 0.1086
Train Time: 356.5373
Val Acc: 0.0815
VAL FGSM Acc: 0.0385
VAL PGD Acc: 0.0385
Val Time: 30.8337
============ Epoch 25 ============
Train Acc: 0.1101
Train Time: 356.4004
Val Acc: 0.1295
VAL FGSM Acc: 0.0545
VAL PGD Acc: 0.0550
Val Time: 30.8331
============ Epoch 26 ============
Train Acc: 0.1111
Train Time: 356.7846
Val Acc: 0.1650
VAL FGSM Acc: 0.0755
VAL PGD Acc: 0.0735
Val Time: 30.8490
============ Epoch 27 ============
Train Acc: 0.1122
Train Time: 356.3970
Val Acc: 0.1935
VAL FGSM Acc: 0.0925
VAL PGD Acc: 0.0900
Val Time: 30.8146
============ Epoch 28 ============
Train Acc: 0.1134
Train Time: 356.2578
Val Acc: 0.2160
VAL FGSM Acc: 0.1105
VAL PGD Acc: 0.1095
Val Time: 30.8220
============ Epoch 29 ============
Train Acc: 0.1151
Train Time: 356.2586
Val Acc: 0.2280
VAL FGSM Acc: 0.1230
VAL PGD Acc: 0.1215
Val Time: 30.8195
============ Epoch 30 ============
Train Acc: 0.1161
Train Time: 355.5610
Val Acc: 0.2375
VAL FGSM Acc: 0.1310
VAL PGD Acc: 0.1275
Val Time: 30.7590
============ Epoch 31 ============
Train Acc: 0.1176
Train Time: 356.3369
Val Acc: 0.2435
VAL FGSM Acc: 0.1365
VAL PGD Acc: 0.1320
Val Time: 30.8610
============ Epoch 32 ============
Train Acc: 0.1180
Train Time: 356.2228
Val Acc: 0.2540
VAL FGSM Acc: 0.1425
VAL PGD Acc: 0.1390
Val Time: 30.8226
============ Epoch 33 ============
Train Acc: 0.1193
Train Time: 356.1593
Val Acc: 0.2575
VAL FGSM Acc: 0.1450
VAL PGD Acc: 0.1415
Val Time: 30.9375
============ Epoch 34 ============
Train Acc: 0.1192
Train Time: 356.7270
Val Acc: 0.2625
VAL FGSM Acc: 0.1450
VAL PGD Acc: 0.1440
Val Time: 30.8194
============ Epoch 35 ============
Train Acc: 0.1216
Train Time: 356.1585
Val Acc: 0.2660
VAL FGSM Acc: 0.1485
VAL PGD Acc: 0.1450
Val Time: 30.8421
============ Epoch 36 ============
Train Acc: 0.1219
Train Time: 356.9348
Val Acc: 0.2690
VAL FGSM Acc: 0.1480
VAL PGD Acc: 0.1460
Val Time: 30.8801
============ Epoch 37 ============
Train Acc: 0.1224
Train Time: 356.3464
Val Acc: 0.2730
VAL FGSM Acc: 0.1510
VAL PGD Acc: 0.1500
Val Time: 30.7860
============ Epoch 38 ============
Train Acc: 0.1235
Train Time: 356.2998
Val Acc: 0.2760
VAL FGSM Acc: 0.1565
VAL PGD Acc: 0.1505
Val Time: 30.8529
============ Epoch 39 ============
Train Acc: 0.1263
Train Time: 356.2967
Val Acc: 0.2735
VAL FGSM Acc: 0.1590
VAL PGD Acc: 0.1530
Val Time: 30.8084
============ Epoch 40 ============
Train Acc: 0.1252
Train Time: 356.5892
Val Acc: 0.2735
VAL FGSM Acc: 0.1575
VAL PGD Acc: 0.1530
Val Time: 30.8025
============ Epoch 41 ============
Train Acc: 0.1252
Train Time: 356.4836
Val Acc: 0.2725
VAL FGSM Acc: 0.1580
VAL PGD Acc: 0.1530
Val Time: 30.8101
============ Epoch 42 ============
Train Acc: 0.1270
Train Time: 356.4636
Val Acc: 0.2755
VAL FGSM Acc: 0.1580
VAL PGD Acc: 0.1540
Val Time: 30.8937
============ Epoch 43 ============
Train Acc: 0.1280
Train Time: 356.2973
Val Acc: 0.2795
VAL FGSM Acc: 0.1555
VAL PGD Acc: 0.1540
Val Time: 30.7998
============ Epoch 44 ============
Train Acc: 0.1282
Train Time: 356.0995
Val Acc: 0.2800
VAL FGSM Acc: 0.1605
VAL PGD Acc: 0.1565
Val Time: 30.8553
============ Epoch 45 ============
Train Acc: 0.1285
Train Time: 356.9989
Val Acc: 0.2795
VAL FGSM Acc: 0.1585
VAL PGD Acc: 0.1545
Val Time: 30.8009
============ Epoch 46 ============
Train Acc: 0.1292
Train Time: 356.0788
Val Acc: 0.2830
VAL FGSM Acc: 0.1580
VAL PGD Acc: 0.1525
Val Time: 30.7993
============ Epoch 47 ============
Train Acc: 0.1300
Train Time: 356.7617
Val Acc: 0.2840
VAL FGSM Acc: 0.1595
VAL PGD Acc: 0.1570
Val Time: 30.8058
============ Epoch 48 ============
Train Acc: 0.1303
Train Time: 356.2549
Val Acc: 0.2820
VAL FGSM Acc: 0.1605
VAL PGD Acc: 0.1560
Val Time: 30.7660
============ Epoch 49 ============
Train Acc: 0.1321
Train Time: 355.4046
Val Acc: 0.2850
VAL FGSM Acc: 0.1625
VAL PGD Acc: 0.1585
Val Time: 30.7627
============ Epoch 50 ============
Train Acc: 0.1322
Train Time: 355.7423
Val Acc: 0.2845
VAL FGSM Acc: 0.1615
VAL PGD Acc: 0.1590
Val Time: 30.7854
============ Epoch 51 ============
Train Acc: 0.1335
Train Time: 355.9284
Val Acc: 0.2850
VAL FGSM Acc: 0.1645
VAL PGD Acc: 0.1585
Val Time: 30.8060
============ Epoch 52 ============
Train Acc: 0.1341
Train Time: 355.7574
Val Acc: 0.2860
VAL FGSM Acc: 0.1650
VAL PGD Acc: 0.1580
Val Time: 30.8212
============ Epoch 53 ============
Train Acc: 0.1336
Train Time: 356.4843
Val Acc: 0.2855
VAL FGSM Acc: 0.1670
VAL PGD Acc: 0.1610
Val Time: 30.7906
============ Epoch 54 ============
Train Acc: 0.1364
Train Time: 355.9710
Val Acc: 0.2850
VAL FGSM Acc: 0.1665
VAL PGD Acc: 0.1620
Val Time: 30.8111
============ Epoch 55 ============
Train Acc: 0.1362
Train Time: 356.2397
Val Acc: 0.2860
VAL FGSM Acc: 0.1675
VAL PGD Acc: 0.1625
Val Time: 30.8438
============ Epoch 56 ============
Train Acc: 0.1366
Train Time: 356.0292
Val Acc: 0.2860
VAL FGSM Acc: 0.1665
VAL PGD Acc: 0.1630
Val Time: 30.8235
============ Epoch 57 ============
Train Acc: 0.1383
Train Time: 356.3324
Val Acc: 0.2870
VAL FGSM Acc: 0.1685
VAL PGD Acc: 0.1615
Val Time: 30.8163
============ Epoch 58 ============
Train Acc: 0.1383
Train Time: 355.5420
Val Acc: 0.2885
VAL FGSM Acc: 0.1660
VAL PGD Acc: 0.1630
Val Time: 30.7133
============ Epoch 59 ============
Train Acc: 0.1404
Train Time: 355.8981
Val Acc: 0.2905
VAL FGSM Acc: 0.1670
VAL PGD Acc: 0.1615
Val Time: 30.9511
============ Epoch 60 ============
Train Acc: 0.1406
Train Time: 356.3661
Val Acc: 0.2915
VAL FGSM Acc: 0.1650
VAL PGD Acc: 0.1640
Val Time: 30.7869
============ Epoch 61 ============
Train Acc: 0.1410
Train Time: 355.7545
Val Acc: 0.2920
VAL FGSM Acc: 0.1690
VAL PGD Acc: 0.1610
Val Time: 30.8905
============ Epoch 62 ============
Train Acc: 0.1425
Train Time: 356.8978
Val Acc: 0.2945
VAL FGSM Acc: 0.1660
VAL PGD Acc: 0.1630
Val Time: 30.8281
============ Epoch 63 ============
Train Acc: 0.1442
Train Time: 356.4200
Val Acc: 0.2925
VAL FGSM Acc: 0.1660
VAL PGD Acc: 0.1615
Val Time: 30.7671
============ Epoch 64 ============
Train Acc: 0.1444
Train Time: 356.9164
Val Acc: 0.2935
VAL FGSM Acc: 0.1640
VAL PGD Acc: 0.1625
Val Time: 30.8269
============ Epoch 65 ============
Train Acc: 0.1460
Train Time: 356.1166
Val Acc: 0.2935
VAL FGSM Acc: 0.1670
VAL PGD Acc: 0.1620
Val Time: 30.7689
============ Epoch 66 ============
Train Acc: 0.1470
Train Time: 356.6925
Val Acc: 0.2930
VAL FGSM Acc: 0.1690
VAL PGD Acc: 0.1625
Val Time: 30.8524
============ Epoch 67 ============
Train Acc: 0.1495
Train Time: 356.3229
Val Acc: 0.2950
VAL FGSM Acc: 0.1700
VAL PGD Acc: 0.1650
Val Time: 30.8158
============ Epoch 68 ============
Train Acc: 0.1497
Train Time: 356.4359
Val Acc: 0.2945
VAL FGSM Acc: 0.1695
VAL PGD Acc: 0.1660
Val Time: 30.9642
============ Epoch 69 ============
Train Acc: 0.1529
Train Time: 356.6763
Val Acc: 0.2970
VAL FGSM Acc: 0.1710
VAL PGD Acc: 0.1670
Val Time: 30.8216
============ Epoch 70 ============
Train Acc: 0.1542
Train Time: 356.8291
Val Acc: 0.2975
VAL FGSM Acc: 0.1745
VAL PGD Acc: 0.1675
Val Time: 30.8744
============ Epoch 71 ============
Train Acc: 0.1566
Train Time: 356.8599
Val Acc: 0.2980
VAL FGSM Acc: 0.1770
VAL PGD Acc: 0.1700
Val Time: 30.8034
============ Epoch 72 ============
Train Acc: 0.1581
Train Time: 356.0461
Val Acc: 0.3005
VAL FGSM Acc: 0.1795
VAL PGD Acc: 0.1720
Val Time: 30.8007
============ Epoch 73 ============
Train Acc: 0.1603
Train Time: 356.8823
Val Acc: 0.3010
VAL FGSM Acc: 0.1775
VAL PGD Acc: 0.1720
Val Time: 30.8108
============ Epoch 74 ============
Train Acc: 0.1630
Train Time: 356.1293
Val Acc: 0.3045
VAL FGSM Acc: 0.1770
VAL PGD Acc: 0.1725
Val Time: 30.8085
============ Epoch 75 ============
Train Acc: 0.1654
Train Time: 356.9165
Val Acc: 0.3040
VAL FGSM Acc: 0.1775
VAL PGD Acc: 0.1730
Val Time: 30.8509
============ Epoch 76 ============
Train Acc: 0.1679
Train Time: 356.2083
Val Acc: 0.3085
VAL FGSM Acc: 0.1770
VAL PGD Acc: 0.1720
Val Time: 30.8033
============ Epoch 77 ============
Train Acc: 0.1698
Train Time: 355.4802
Val Acc: 0.3085
VAL FGSM Acc: 0.1765
VAL PGD Acc: 0.1705
Val Time: 30.7249
============ Epoch 78 ============
Train Acc: 0.1737
Train Time: 355.3541
Val Acc: 0.3120
VAL FGSM Acc: 0.1785
VAL PGD Acc: 0.1735
Val Time: 30.7490
============ Epoch 79 ============
Train Acc: 0.1777
Train Time: 355.8551
Val Acc: 0.3145
VAL FGSM Acc: 0.1795
VAL PGD Acc: 0.1725
Val Time: 30.8278
============ Epoch 80 ============
Train Acc: 0.1814
Train Time: 355.8727
Val Acc: 0.3150
VAL FGSM Acc: 0.1820
VAL PGD Acc: 0.1730
Val Time: 30.7901
============ Epoch 81 ============
Train Acc: 0.1852
Train Time: 356.4489
Val Acc: 0.3205
VAL FGSM Acc: 0.1820
VAL PGD Acc: 0.1745
Val Time: 30.8124
============ Epoch 82 ============
Train Acc: 0.1896
Train Time: 356.1192
Val Acc: 0.3205
VAL FGSM Acc: 0.1830
VAL PGD Acc: 0.1770
Val Time: 30.8041
============ Epoch 83 ============
Train Acc: 0.1944
Train Time: 356.5352
Val Acc: 0.3230
VAL FGSM Acc: 0.1830
VAL PGD Acc: 0.1760
Val Time: 30.8424
============ Epoch 84 ============
Train Acc: 0.1989
Train Time: 356.1867
Val Acc: 0.3215
VAL FGSM Acc: 0.1835
VAL PGD Acc: 0.1750
Val Time: 30.7804
============ Epoch 85 ============
Train Acc: 0.2066
Train Time: 356.3480
Val Acc: 0.3245
VAL FGSM Acc: 0.1860
VAL PGD Acc: 0.1745
Val Time: 30.8886
============ Epoch 86 ============
Train Acc: 0.2117
Train Time: 355.9341
Val Acc: 0.3260
VAL FGSM Acc: 0.1865
VAL PGD Acc: 0.1760
Val Time: 30.7831
============ Epoch 87 ============
Train Acc: 0.2196
Train Time: 355.7181
Val Acc: 0.3240
VAL FGSM Acc: 0.1840
VAL PGD Acc: 0.1760
Val Time: 30.9122
============ Epoch 88 ============
Train Acc: 0.2257
Train Time: 356.9397
Val Acc: 0.3270
VAL FGSM Acc: 0.1855
VAL PGD Acc: 0.1775
Val Time: 30.8244
============ Epoch 89 ============
Train Acc: 0.2344
Train Time: 356.3192
Val Acc: 0.3285
VAL FGSM Acc: 0.1875
VAL PGD Acc: 0.1780
Val Time: 30.8414
============ Epoch 90 ============
Train Acc: 0.2440
Train Time: 357.5500
Val Acc: 0.3330
VAL FGSM Acc: 0.1900
VAL PGD Acc: 0.1790
Val Time: 30.8505
============ Epoch 91 ============
Train Acc: 0.2534
Train Time: 356.3175
Val Acc: 0.3350
VAL FGSM Acc: 0.1915
VAL PGD Acc: 0.1785
Val Time: 30.7968
============ Epoch 92 ============
Train Acc: 0.2803
Train Time: 357.1551
Val Acc: 0.3385
VAL FGSM Acc: 0.1915
VAL PGD Acc: 0.1790
Val Time: 30.8644
============ Epoch 93 ============
Train Acc: 0.3084
Train Time: 356.5824
Val Acc: 0.3440
VAL FGSM Acc: 0.1870
VAL PGD Acc: 0.1715
Val Time: 30.8088
============ Epoch 94 ============
Train Acc: 0.4068
Train Time: 356.8345
Val Acc: 0.3540
VAL FGSM Acc: 0.1905
VAL PGD Acc: 0.1705
Val Time: 30.9299
============ Epoch 95 ============
Train Acc: 0.5767
Train Time: 356.9010
Val Acc: 0.3725
VAL FGSM Acc: 0.2065
VAL PGD Acc: 0.1565
Val Time: 30.8068
============ Epoch 96 ============
Train Acc: 0.6722
Train Time: 356.4385
Val Acc: 0.4085
VAL FGSM Acc: 0.2205
VAL PGD Acc: 0.1280
Val Time: 30.9551
============ Epoch 97 ============
Train Acc: 0.6959
Train Time: 357.4820
Val Acc: 0.4285
VAL FGSM Acc: 0.2370
VAL PGD Acc: 0.1015
Val Time: 30.8669
============ Epoch 98 ============
Train Acc: 0.7127
Train Time: 356.8506
Val Acc: 0.4470
VAL FGSM Acc: 0.2890
VAL PGD Acc: 0.0725
Val Time: 30.8530
============ Epoch 99 ============
Train Acc: 0.7090
Train Time: 357.3770
Val Acc: 0.4565
VAL FGSM Acc: 0.3505
VAL PGD Acc: 0.0490
Val Time: 30.8436

Train acc list: [0.008653061224489797, 0.01669387755102041, 0.02209183673469388, 0.02746938775510204, 0.03324489795918367, 0.040214285714285716, 0.04668367346938775, 0.051224489795918364, 0.0566530612244898, 0.06159183673469388, 0.06751020408163265, 0.07226530612244898, 0.0771326530612245, 0.08161224489795918, 0.08621428571428572, 0.09020408163265306, 0.09268367346938776, 0.09462244897959184, 0.0979795918367347, 0.10085714285714285, 0.10146938775510204, 0.10357142857142858, 0.10568367346938776, 0.1081938775510204, 0.10861224489795919, 0.1101326530612245, 0.11112244897959184, 0.11219387755102041, 0.11342857142857143, 0.11511224489795918, 0.11608163265306122, 0.11760204081632653, 0.11803061224489796, 0.11928571428571429, 0.11924489795918368, 0.12155102040816326, 0.12194897959183673, 0.12242857142857143, 0.12345918367346939, 0.1263061224489796, 0.1251938775510204, 0.1251530612244898, 0.12702040816326532, 0.12796938775510205, 0.1281530612244898, 0.1285, 0.12920408163265307, 0.12996938775510203, 0.13029591836734694, 0.13205102040816327, 0.1322142857142857, 0.13351020408163267, 0.13414285714285715, 0.13359183673469388, 0.13638775510204082, 0.1361734693877551, 0.13659183673469388, 0.13831632653061224, 0.13829591836734695, 0.14038775510204082, 0.14058163265306123, 0.14104081632653062, 0.14246938775510204, 0.1441734693877551, 0.14444897959183672, 0.14601020408163265, 0.1470408163265306, 0.14953061224489797, 0.14974489795918366, 0.15290816326530612, 0.15421428571428572, 0.1566122448979592, 0.1581122448979592, 0.16027551020408162, 0.16301020408163266, 0.16544897959183674, 0.16794897959183674, 0.1697857142857143, 0.1736734693877551, 0.1776938775510204, 0.1813877551020408, 0.1851938775510204, 0.1896122448979592, 0.19440816326530613, 0.1988673469387755, 0.20664285714285716, 0.2116938775510204, 0.21960204081632653, 0.2256734693877551, 0.2344081632653061, 0.244, 0.25339795918367347, 0.2803163265306122, 0.3084183673469388, 0.4068265306122449, 0.5767448979591837, 0.6721836734693878, 0.6959081632653061, 0.7127448979591837, 0.7090204081632653]
Val acc list: [0.005, 0.004, 0.01, 0.006, 0.0105, 0.011, 0.0095, 0.012, 0.0185, 0.023, 0.0295, 0.032, 0.0355, 0.0355, 0.0305, 0.024, 0.0215, 0.0175, 0.017, 0.0165, 0.016, 0.0215, 0.0305, 0.053, 0.0815, 0.1295, 0.165, 0.1935, 0.216, 0.228, 0.2375, 0.2435, 0.254, 0.2575, 0.2625, 0.266, 0.269, 0.273, 0.276, 0.2735, 0.2735, 0.2725, 0.2755, 0.2795, 0.28, 0.2795, 0.283, 0.284, 0.282, 0.285, 0.2845, 0.285, 0.286, 0.2855, 0.285, 0.286, 0.286, 0.287, 0.2885, 0.2905, 0.2915, 0.292, 0.2945, 0.2925, 0.2935, 0.2935, 0.293, 0.295, 0.2945, 0.297, 0.2975, 0.298, 0.3005, 0.301, 0.3045, 0.304, 0.3085, 0.3085, 0.312, 0.3145, 0.315, 0.3205, 0.3205, 0.323, 0.3215, 0.3245, 0.326, 0.324, 0.327, 0.3285, 0.333, 0.335, 0.3385, 0.344, 0.354, 0.3725, 0.4085, 0.4285, 0.447, 0.4565]
Val FGSM acc list: [0.004, 0.004, 0.006, 0.0055, 0.0055, 0.007, 0.006, 0.008, 0.0105, 0.013, 0.0145, 0.0175, 0.0165, 0.0175, 0.0165, 0.0155, 0.0135, 0.012, 0.0115, 0.011, 0.0105, 0.0115, 0.018, 0.024, 0.0385, 0.0545, 0.0755, 0.0925, 0.1105, 0.123, 0.131, 0.1365, 0.1425, 0.145, 0.145, 0.1485, 0.148, 0.151, 0.1565, 0.159, 0.1575, 0.158, 0.158, 0.1555, 0.1605, 0.1585, 0.158, 0.1595, 0.1605, 0.1625, 0.1615, 0.1645, 0.165, 0.167, 0.1665, 0.1675, 0.1665, 0.1685, 0.166, 0.167, 0.165, 0.169, 0.166, 0.166, 0.164, 0.167, 0.169, 0.17, 0.1695, 0.171, 0.1745, 0.177, 0.1795, 0.1775, 0.177, 0.1775, 0.177, 0.1765, 0.1785, 0.1795, 0.182, 0.182, 0.183, 0.183, 0.1835, 0.186, 0.1865, 0.184, 0.1855, 0.1875, 0.19, 0.1915, 0.1915, 0.187, 0.1905, 0.2065, 0.2205, 0.237, 0.289, 0.3505]
Val PGD acc list: [0.003, 0.004, 0.006, 0.0055, 0.0055, 0.007, 0.006, 0.008, 0.0105, 0.0135, 0.0145, 0.0175, 0.017, 0.0175, 0.016, 0.016, 0.014, 0.012, 0.0115, 0.011, 0.0105, 0.0115, 0.0175, 0.0235, 0.0385, 0.055, 0.0735, 0.09, 0.1095, 0.1215, 0.1275, 0.132, 0.139, 0.1415, 0.144, 0.145, 0.146, 0.15, 0.1505, 0.153, 0.153, 0.153, 0.154, 0.154, 0.1565, 0.1545, 0.1525, 0.157, 0.156, 0.1585, 0.159, 0.1585, 0.158, 0.161, 0.162, 0.1625, 0.163, 0.1615, 0.163, 0.1615, 0.164, 0.161, 0.163, 0.1615, 0.1625, 0.162, 0.1625, 0.165, 0.166, 0.167, 0.1675, 0.17, 0.172, 0.172, 0.1725, 0.173, 0.172, 0.1705, 0.1735, 0.1725, 0.173, 0.1745, 0.177, 0.176, 0.175, 0.1745, 0.176, 0.176, 0.1775, 0.178, 0.179, 0.1785, 0.179, 0.1715, 0.1705, 0.1565, 0.128, 0.1015, 0.0725, 0.049]
Total training time: 35668.6685
Total validation time: 3086.2406
Total FLOPs: 90.5595 PetaFLOPs




clean accuracy: 35.53 %
pgd-10 accuracy: 18.26 %
pgd-20 accuracy: 17.41 %
pgd-50 accuracy: 17.16 %

using standard version including apgd-ce, apgd-t, fab-t, square.
initial accuracy: 35.53%
apgd-ce - 1/18 - 106 out of 200 successfully perturbed
apgd-ce - 2/18 - 108 out of 200 successfully perturbed
apgd-ce - 3/18 - 100 out of 200 successfully perturbed
apgd-ce - 4/18 - 110 out of 200 successfully perturbed
apgd-ce - 5/18 - 98 out of 200 successfully perturbed
apgd-ce - 6/18 - 115 out of 200 successfully perturbed
apgd-ce - 7/18 - 100 out of 200 successfully perturbed
apgd-ce - 8/18 - 118 out of 200 successfully perturbed
apgd-ce - 9/18 - 93 out of 200 successfully perturbed
apgd-ce - 10/18 - 105 out of 200 successfully perturbed
apgd-ce - 11/18 - 114 out of 200 successfully perturbed
apgd-ce - 12/18 - 112 out of 200 successfully perturbed
apgd-ce - 13/18 - 91 out of 200 successfully perturbed
apgd-ce - 14/18 - 109 out of 200 successfully perturbed
apgd-ce - 15/18 - 104 out of 200 successfully perturbed
apgd-ce - 16/18 - 106 out of 200 successfully perturbed
apgd-ce - 17/18 - 118 out of 200 successfully perturbed
apgd-ce - 18/18 - 65 out of 153 successfully perturbed
robust accuracy after APGD-CE: 16.81% (total time 453.2 s)
apgd-t - 1/9 - 60 out of 200 successfully perturbed
apgd-t - 2/9 - 63 out of 200 successfully perturbed
apgd-t - 3/9 - 67 out of 200 successfully perturbed
apgd-t - 4/9 - 77 out of 200 successfully perturbed
apgd-t - 5/9 - 72 out of 200 successfully perturbed
apgd-t - 6/9 - 69 out of 200 successfully perturbed
apgd-t - 7/9 - 66 out of 200 successfully perturbed
apgd-t - 8/9 - 72 out of 200 successfully perturbed
apgd-t - 9/9 - 27 out of 81 successfully perturbed
robust accuracy after APGD-T: 11.08% (total time 1852.8 s)
fab-t - 1/6 - 0 out of 200 successfully perturbed
fab-t - 2/6 - 0 out of 200 successfully perturbed
fab-t - 3/6 - 0 out of 200 successfully perturbed
fab-t - 4/6 - 0 out of 200 successfully perturbed
fab-t - 5/6 - 0 out of 200 successfully perturbed
fab-t - 6/6 - 0 out of 108 successfully perturbed
robust accuracy after FAB-T: 11.08% (total time 3543.5 s)
square - 1/6 - 0 out of 200 successfully perturbed
square - 2/6 - 0 out of 200 successfully perturbed
square - 3/6 - 0 out of 200 successfully perturbed
square - 4/6 - 0 out of 200 successfully perturbed
square - 5/6 - 0 out of 200 successfully perturbed
square - 6/6 - 0 out of 108 successfully perturbed
robust accuracy after SQUARE: 11.08% (total time 5648.3 s)
max Linf perturbation: 0.04706, nan in tensor: 0, max: 1.00000, min: 0.00000
robust accuracy: 11.08%
