============ Epoch 0 ============
Train Acc: 0.0239
Train Time: 53.2297
Val Acc: 0.0080
VAL FGSM Acc: 0.0080
VAL PGD Acc: 0.0080
Val Time: 4.6951
============ Epoch 1 ============
Train Acc: 0.0529
Train Time: 51.5896
Val Acc: 0.0080
VAL FGSM Acc: 0.0080
VAL PGD Acc: 0.0080
Val Time: 4.7155
============ Epoch 2 ============
Train Acc: 0.0663
Train Time: 51.6119
Val Acc: 0.0080
VAL FGSM Acc: 0.0080
VAL PGD Acc: 0.0080
Val Time: 4.7112
============ Epoch 3 ============
Train Acc: 0.0797
Train Time: 51.5933
Val Acc: 0.0080
VAL FGSM Acc: 0.0080
VAL PGD Acc: 0.0080
Val Time: 4.7243
============ Epoch 4 ============
Train Acc: 0.0910
Train Time: 51.6532
Val Acc: 0.0080
VAL FGSM Acc: 0.0050
VAL PGD Acc: 0.0050
Val Time: 4.7137
============ Epoch 5 ============
Train Acc: 0.1050
Train Time: 51.6664
Val Acc: 0.0070
VAL FGSM Acc: 0.0070
VAL PGD Acc: 0.0070
Val Time: 4.7231
============ Epoch 6 ============
Train Acc: 0.1177
Train Time: 51.6702
Val Acc: 0.0070
VAL FGSM Acc: 0.0040
VAL PGD Acc: 0.0040
Val Time: 4.7421
============ Epoch 7 ============
Train Acc: 0.1300
Train Time: 51.8658
Val Acc: 0.0060
VAL FGSM Acc: 0.0050
VAL PGD Acc: 0.0050
Val Time: 4.7303
============ Epoch 8 ============
Train Acc: 0.1415
Train Time: 51.8672
Val Acc: 0.0060
VAL FGSM Acc: 0.0050
VAL PGD Acc: 0.0050
Val Time: 4.7234
============ Epoch 9 ============
Train Acc: 0.1522
Train Time: 51.6564
Val Acc: 0.0070
VAL FGSM Acc: 0.0040
VAL PGD Acc: 0.0040
Val Time: 4.7391
============ Epoch 10 ============
Train Acc: 0.1649
Train Time: 51.6292
Val Acc: 0.0080
VAL FGSM Acc: 0.0060
VAL PGD Acc: 0.0060
Val Time: 4.7533
============ Epoch 11 ============
Train Acc: 0.1780
Train Time: 51.6527
Val Acc: 0.0120
VAL FGSM Acc: 0.0080
VAL PGD Acc: 0.0080
Val Time: 4.7205
============ Epoch 12 ============
Train Acc: 0.1895
Train Time: 51.9069
Val Acc: 0.0150
VAL FGSM Acc: 0.0090
VAL PGD Acc: 0.0090
Val Time: 4.7957
============ Epoch 13 ============
Train Acc: 0.1997
Train Time: 51.7157
Val Acc: 0.0130
VAL FGSM Acc: 0.0080
VAL PGD Acc: 0.0080
Val Time: 4.7583
============ Epoch 14 ============
Train Acc: 0.2126
Train Time: 51.5902
Val Acc: 0.0120
VAL FGSM Acc: 0.0090
VAL PGD Acc: 0.0090
Val Time: 4.7350
============ Epoch 15 ============
Train Acc: 0.2203
Train Time: 51.9099
Val Acc: 0.0090
VAL FGSM Acc: 0.0070
VAL PGD Acc: 0.0070
Val Time: 4.7563
============ Epoch 16 ============
Train Acc: 0.2332
Train Time: 51.9243
Val Acc: 0.0070
VAL FGSM Acc: 0.0050
VAL PGD Acc: 0.0050
Val Time: 4.7460
============ Epoch 17 ============
Train Acc: 0.2406
Train Time: 51.6833
Val Acc: 0.0040
VAL FGSM Acc: 0.0040
VAL PGD Acc: 0.0040
Val Time: 4.7671
============ Epoch 18 ============
Train Acc: 0.2484
Train Time: 51.9157
Val Acc: 0.0020
VAL FGSM Acc: 0.0020
VAL PGD Acc: 0.0020
Val Time: 4.7456
============ Epoch 19 ============
Train Acc: 0.2588
Train Time: 51.7299
Val Acc: 0.0020
VAL FGSM Acc: 0.0020
VAL PGD Acc: 0.0020
Val Time: 4.7541
============ Epoch 20 ============
Train Acc: 0.2635
Train Time: 51.7071
Val Acc: 0.0020
VAL FGSM Acc: 0.0020
VAL PGD Acc: 0.0020
Val Time: 4.7434
============ Epoch 21 ============
Train Acc: 0.2684
Train Time: 51.6621
Val Acc: 0.0020
VAL FGSM Acc: 0.0020
VAL PGD Acc: 0.0020
Val Time: 4.7677
============ Epoch 22 ============
Train Acc: 0.2760
Train Time: 51.6953
Val Acc: 0.0020
VAL FGSM Acc: 0.0020
VAL PGD Acc: 0.0020
Val Time: 4.7566
============ Epoch 23 ============
Train Acc: 0.2831
Train Time: 51.6773
Val Acc: 0.0030
VAL FGSM Acc: 0.0020
VAL PGD Acc: 0.0020
Val Time: 4.7506
============ Epoch 24 ============
Train Acc: 0.2886
Train Time: 51.6743
Val Acc: 0.0030
VAL FGSM Acc: 0.0020
VAL PGD Acc: 0.0020
Val Time: 4.7511
============ Epoch 25 ============
Train Acc: 0.2948
Train Time: 51.6722
Val Acc: 0.0030
VAL FGSM Acc: 0.0020
VAL PGD Acc: 0.0030
Val Time: 4.7600
============ Epoch 26 ============
Train Acc: 0.2984
Train Time: 51.6084
Val Acc: 0.0030
VAL FGSM Acc: 0.0020
VAL PGD Acc: 0.0020
Val Time: 4.7148
============ Epoch 27 ============
Train Acc: 0.3034
Train Time: 51.5980
Val Acc: 0.0050
VAL FGSM Acc: 0.0030
VAL PGD Acc: 0.0030
Val Time: 4.7522
============ Epoch 28 ============
Train Acc: 0.3084
Train Time: 51.2058
Val Acc: 0.0050
VAL FGSM Acc: 0.0050
VAL PGD Acc: 0.0050
Val Time: 4.7385
============ Epoch 29 ============
Train Acc: 0.3107
Train Time: 51.7909
Val Acc: 0.0060
VAL FGSM Acc: 0.0060
VAL PGD Acc: 0.0060
Val Time: 4.7480
============ Epoch 30 ============
Train Acc: 0.3142
Train Time: 51.5485
Val Acc: 0.0100
VAL FGSM Acc: 0.0100
VAL PGD Acc: 0.0100
Val Time: 4.7553
============ Epoch 31 ============
Train Acc: 0.3180
Train Time: 51.5671
Val Acc: 0.0100
VAL FGSM Acc: 0.0100
VAL PGD Acc: 0.0100
Val Time: 4.7450
============ Epoch 32 ============
Train Acc: 0.3221
Train Time: 51.5691
Val Acc: 0.0100
VAL FGSM Acc: 0.0100
VAL PGD Acc: 0.0100
Val Time: 4.7414
============ Epoch 33 ============
Train Acc: 0.3266
Train Time: 51.5146
Val Acc: 0.0100
VAL FGSM Acc: 0.0100
VAL PGD Acc: 0.0100
Val Time: 4.7434
============ Epoch 34 ============
Train Acc: 0.3277
Train Time: 51.5220
Val Acc: 0.0100
VAL FGSM Acc: 0.0100
VAL PGD Acc: 0.0100
Val Time: 4.7229
============ Epoch 35 ============
Train Acc: 0.3290
Train Time: 51.6865
Val Acc: 0.0100
VAL FGSM Acc: 0.0100
VAL PGD Acc: 0.0100
Val Time: 4.7182
============ Epoch 36 ============
Train Acc: 0.3337
Train Time: 51.7044
Val Acc: 0.0100
VAL FGSM Acc: 0.0100
VAL PGD Acc: 0.0100
Val Time: 4.7058
============ Epoch 37 ============
Train Acc: 0.3345
Train Time: 51.7548
Val Acc: 0.0100
VAL FGSM Acc: 0.0100
VAL PGD Acc: 0.0100
Val Time: 4.7267
============ Epoch 38 ============
Train Acc: 0.3369
Train Time: 51.7494
Val Acc: 0.0100
VAL FGSM Acc: 0.0100
VAL PGD Acc: 0.0100
Val Time: 4.7499
============ Epoch 39 ============
Train Acc: 0.3411
Train Time: 51.7227
Val Acc: 0.0100
VAL FGSM Acc: 0.0100
VAL PGD Acc: 0.0100
Val Time: 4.7236
============ Epoch 40 ============
Train Acc: 0.3431
Train Time: 51.5423
Val Acc: 0.0100
VAL FGSM Acc: 0.0100
VAL PGD Acc: 0.0100
Val Time: 4.7394
============ Epoch 41 ============
Train Acc: 0.3416
Train Time: 51.5556
Val Acc: 0.0100
VAL FGSM Acc: 0.0100
VAL PGD Acc: 0.0100
Val Time: 4.7043
============ Epoch 42 ============
Train Acc: 0.3467
Train Time: 51.5526
Val Acc: 0.0100
VAL FGSM Acc: 0.0100
VAL PGD Acc: 0.0100
Val Time: 4.6958
============ Epoch 43 ============
Train Acc: 0.3470
Train Time: 51.5227
Val Acc: 0.0100
VAL FGSM Acc: 0.0100
VAL PGD Acc: 0.0100
Val Time: 4.7162
============ Epoch 44 ============
Train Acc: 0.3496
Train Time: 51.3335
Val Acc: 0.0100
VAL FGSM Acc: 0.0100
VAL PGD Acc: 0.0100
Val Time: 4.7203
============ Epoch 45 ============
Train Acc: 0.3511
Train Time: 51.5675
Val Acc: 0.0100
VAL FGSM Acc: 0.0100
VAL PGD Acc: 0.0100
Val Time: 4.7207
============ Epoch 46 ============
Train Acc: 0.3542
Train Time: 51.5508
Val Acc: 0.0100
VAL FGSM Acc: 0.0100
VAL PGD Acc: 0.0100
Val Time: 4.7186
============ Epoch 47 ============
Train Acc: 0.3549
Train Time: 51.3474
Val Acc: 0.0100
VAL FGSM Acc: 0.0100
VAL PGD Acc: 0.0100
Val Time: 4.7145
============ Epoch 48 ============
Train Acc: 0.3563
Train Time: 51.5806
Val Acc: 0.0100
VAL FGSM Acc: 0.0100
VAL PGD Acc: 0.0100
Val Time: 4.7042
============ Epoch 49 ============
Train Acc: 0.3586
Train Time: 51.5076
Val Acc: 0.0100
VAL FGSM Acc: 0.0100
VAL PGD Acc: 0.0100
Val Time: 4.7127
============ Epoch 50 ============
Train Acc: 0.3616
Train Time: 51.5111
Val Acc: 0.0110
VAL FGSM Acc: 0.0110
VAL PGD Acc: 0.0110
Val Time: 4.7161
============ Epoch 51 ============
Train Acc: 0.3616
Train Time: 51.5650
Val Acc: 0.0160
VAL FGSM Acc: 0.0110
VAL PGD Acc: 0.0110
Val Time: 4.7225
============ Epoch 52 ============
Train Acc: 0.3632
Train Time: 51.6731
Val Acc: 0.0260
VAL FGSM Acc: 0.0160
VAL PGD Acc: 0.0160
Val Time: 4.7281
============ Epoch 53 ============
Train Acc: 0.3658
Train Time: 51.5808
Val Acc: 0.0340
VAL FGSM Acc: 0.0280
VAL PGD Acc: 0.0280
Val Time: 4.7344
============ Epoch 54 ============
Train Acc: 0.3655
Train Time: 51.5197
Val Acc: 0.0500
VAL FGSM Acc: 0.0350
VAL PGD Acc: 0.0350
Val Time: 4.7381
============ Epoch 55 ============
Train Acc: 0.3713
Train Time: 51.5456
Val Acc: 0.1010
VAL FGSM Acc: 0.0570
VAL PGD Acc: 0.0570
Val Time: 4.7077
============ Epoch 56 ============
Train Acc: 0.3704
Train Time: 51.7247
Val Acc: 0.1590
VAL FGSM Acc: 0.0940
VAL PGD Acc: 0.0940
Val Time: 4.7330
============ Epoch 57 ============
Train Acc: 0.3726
Train Time: 51.6141
Val Acc: 0.2290
VAL FGSM Acc: 0.1390
VAL PGD Acc: 0.1360
Val Time: 4.7402
============ Epoch 58 ============
Train Acc: 0.3750
Train Time: 51.6429
Val Acc: 0.2770
VAL FGSM Acc: 0.1780
VAL PGD Acc: 0.1770
Val Time: 4.7227
============ Epoch 59 ============
Train Acc: 0.3766
Train Time: 51.6991
Val Acc: 0.3200
VAL FGSM Acc: 0.2200
VAL PGD Acc: 0.2170
Val Time: 4.7317
============ Epoch 60 ============
Train Acc: 0.3766
Train Time: 51.4683
Val Acc: 0.3500
VAL FGSM Acc: 0.2460
VAL PGD Acc: 0.2400
Val Time: 4.7277
============ Epoch 61 ============
Train Acc: 0.3783
Train Time: 51.4392
Val Acc: 0.3800
VAL FGSM Acc: 0.2610
VAL PGD Acc: 0.2580
Val Time: 4.7017
============ Epoch 62 ============
Train Acc: 0.3839
Train Time: 51.3816
Val Acc: 0.3980
VAL FGSM Acc: 0.2720
VAL PGD Acc: 0.2710
Val Time: 4.7514
============ Epoch 63 ============
Train Acc: 0.3826
Train Time: 51.3794
Val Acc: 0.4150
VAL FGSM Acc: 0.2920
VAL PGD Acc: 0.2850
Val Time: 4.7235
============ Epoch 64 ============
Train Acc: 0.3880
Train Time: 51.5514
Val Acc: 0.4260
VAL FGSM Acc: 0.2970
VAL PGD Acc: 0.2910
Val Time: 4.7385
============ Epoch 65 ============
Train Acc: 0.3883
Train Time: 51.4183
Val Acc: 0.4330
VAL FGSM Acc: 0.3080
VAL PGD Acc: 0.3000
Val Time: 4.7487
============ Epoch 66 ============
Train Acc: 0.3912
Train Time: 51.4320
Val Acc: 0.4420
VAL FGSM Acc: 0.3080
VAL PGD Acc: 0.3050
Val Time: 4.7360
============ Epoch 67 ============
Train Acc: 0.3952
Train Time: 51.4181
Val Acc: 0.4440
VAL FGSM Acc: 0.3120
VAL PGD Acc: 0.3060
Val Time: 4.7241
============ Epoch 68 ============
Train Acc: 0.4001
Train Time: 51.4438
Val Acc: 0.4440
VAL FGSM Acc: 0.3110
VAL PGD Acc: 0.3070
Val Time: 4.7168
============ Epoch 69 ============
Train Acc: 0.4051
Train Time: 51.4632
Val Acc: 0.4530
VAL FGSM Acc: 0.3130
VAL PGD Acc: 0.3090
Val Time: 4.7484
============ Epoch 70 ============
Train Acc: 0.4063
Train Time: 51.6611
Val Acc: 0.4620
VAL FGSM Acc: 0.3140
VAL PGD Acc: 0.3030
Val Time: 4.7325
============ Epoch 71 ============
Train Acc: 0.4093
Train Time: 51.6430
Val Acc: 0.4600
VAL FGSM Acc: 0.3170
VAL PGD Acc: 0.3070
Val Time: 4.7502
============ Epoch 72 ============
Train Acc: 0.4114
Train Time: 51.6736
Val Acc: 0.4640
VAL FGSM Acc: 0.3200
VAL PGD Acc: 0.3070
Val Time: 4.7358
============ Epoch 73 ============
Train Acc: 0.4178
Train Time: 51.7099
Val Acc: 0.4680
VAL FGSM Acc: 0.3210
VAL PGD Acc: 0.3120
Val Time: 4.7655
============ Epoch 74 ============
Train Acc: 0.4189
Train Time: 51.6029
Val Acc: 0.4680
VAL FGSM Acc: 0.3230
VAL PGD Acc: 0.3110
Val Time: 4.7350
============ Epoch 75 ============
Train Acc: 0.4271
Train Time: 51.5550
Val Acc: 0.4720
VAL FGSM Acc: 0.3220
VAL PGD Acc: 0.3120
Val Time: 4.7411
============ Epoch 76 ============
Train Acc: 0.4301
Train Time: 51.4972
Val Acc: 0.4730
VAL FGSM Acc: 0.3260
VAL PGD Acc: 0.3170
Val Time: 4.7566
============ Epoch 77 ============
Train Acc: 0.4380
Train Time: 51.5328
Val Acc: 0.4790
VAL FGSM Acc: 0.3310
VAL PGD Acc: 0.3160
Val Time: 4.7458
============ Epoch 78 ============
Train Acc: 0.4440
Train Time: 51.5477
Val Acc: 0.4770
VAL FGSM Acc: 0.3340
VAL PGD Acc: 0.3240
Val Time: 4.7230
============ Epoch 79 ============
Train Acc: 0.4488
Train Time: 51.5976
Val Acc: 0.4790
VAL FGSM Acc: 0.3360
VAL PGD Acc: 0.3240
Val Time: 4.7420
============ Epoch 80 ============
Train Acc: 0.4557
Train Time: 51.6982
Val Acc: 0.4820
VAL FGSM Acc: 0.3310
VAL PGD Acc: 0.3250
Val Time: 4.7287
============ Epoch 81 ============
Train Acc: 0.4631
Train Time: 51.5217
Val Acc: 0.4830
VAL FGSM Acc: 0.3340
VAL PGD Acc: 0.3230
Val Time: 4.7213
============ Epoch 82 ============
Train Acc: 0.4719
Train Time: 51.5946
Val Acc: 0.4870
VAL FGSM Acc: 0.3330
VAL PGD Acc: 0.3250
Val Time: 4.7766
============ Epoch 83 ============
Train Acc: 0.4815
Train Time: 51.4822
Val Acc: 0.4890
VAL FGSM Acc: 0.3380
VAL PGD Acc: 0.3260
Val Time: 4.7407
============ Epoch 84 ============
Train Acc: 0.4898
Train Time: 51.4750
Val Acc: 0.4900
VAL FGSM Acc: 0.3350
VAL PGD Acc: 0.3260
Val Time: 4.7503
============ Epoch 85 ============
Train Acc: 0.4989
Train Time: 51.4735
Val Acc: 0.4920
VAL FGSM Acc: 0.3320
VAL PGD Acc: 0.3270
Val Time: 4.7285
============ Epoch 86 ============
Train Acc: 0.5094
Train Time: 51.4554
Val Acc: 0.4950
VAL FGSM Acc: 0.3300
VAL PGD Acc: 0.3260
Val Time: 4.7316
============ Epoch 87 ============
Train Acc: 0.5209
Train Time: 51.5033
Val Acc: 0.4920
VAL FGSM Acc: 0.3310
VAL PGD Acc: 0.3260
Val Time: 4.7654
============ Epoch 88 ============
Train Acc: 0.5336
Train Time: 51.6398
Val Acc: 0.4940
VAL FGSM Acc: 0.3350
VAL PGD Acc: 0.3240
Val Time: 4.7756
============ Epoch 89 ============
Train Acc: 0.5470
Train Time: 51.4277
Val Acc: 0.4950
VAL FGSM Acc: 0.3400
VAL PGD Acc: 0.3290
Val Time: 4.7552
============ Epoch 90 ============
Train Acc: 0.5591
Train Time: 51.7543
Val Acc: 0.4960
VAL FGSM Acc: 0.3430
VAL PGD Acc: 0.3290
Val Time: 4.7523
============ Epoch 91 ============
Train Acc: 0.5694
Train Time: 51.6712
Val Acc: 0.4990
VAL FGSM Acc: 0.3410
VAL PGD Acc: 0.3290
Val Time: 4.7444
============ Epoch 92 ============
Train Acc: 0.5830
Train Time: 51.5700
Val Acc: 0.5020
VAL FGSM Acc: 0.3400
VAL PGD Acc: 0.3270
Val Time: 4.7414
============ Epoch 93 ============
Train Acc: 0.5956
Train Time: 51.5451
Val Acc: 0.5050
VAL FGSM Acc: 0.3350
VAL PGD Acc: 0.3230
Val Time: 4.7436
============ Epoch 94 ============
Train Acc: 0.6071
Train Time: 51.3543
Val Acc: 0.5060
VAL FGSM Acc: 0.3360
VAL PGD Acc: 0.3250
Val Time: 4.7582
============ Epoch 95 ============
Train Acc: 0.6133
Train Time: 51.5665
Val Acc: 0.5050
VAL FGSM Acc: 0.3370
VAL PGD Acc: 0.3220
Val Time: 4.7340
============ Epoch 96 ============
Train Acc: 0.6216
Train Time: 51.5495
Val Acc: 0.5050
VAL FGSM Acc: 0.3360
VAL PGD Acc: 0.3250
Val Time: 4.7506
============ Epoch 97 ============
Train Acc: 0.6272
Train Time: 51.5285
Val Acc: 0.5040
VAL FGSM Acc: 0.3340
VAL PGD Acc: 0.3250
Val Time: 4.7642
============ Epoch 98 ============
Train Acc: 0.6307
Train Time: 51.8246
Val Acc: 0.5040
VAL FGSM Acc: 0.3370
VAL PGD Acc: 0.3260
Val Time: 4.7396
============ Epoch 99 ============
Train Acc: 0.6304
Train Time: 51.5214
Val Acc: 0.5060
VAL FGSM Acc: 0.3370
VAL PGD Acc: 0.3250
Val Time: 4.7437

Train acc list: [0.023857142857142858, 0.05289795918367347, 0.0663265306122449, 0.07971428571428571, 0.091, 0.1050204081632653, 0.11773469387755102, 0.1299591836734694, 0.14146938775510204, 0.15220408163265306, 0.16491836734693877, 0.1779795918367347, 0.18951020408163266, 0.1996530612244898, 0.21261224489795919, 0.2203469387755102, 0.23322448979591837, 0.24059183673469386, 0.2483877551020408, 0.2588367346938775, 0.26353061224489793, 0.2683877551020408, 0.276, 0.28314285714285714, 0.28861224489795917, 0.2947959183673469, 0.29836734693877554, 0.3033877551020408, 0.3083673469387755, 0.3107142857142857, 0.31420408163265307, 0.31804081632653064, 0.32210204081632654, 0.3265918367346939, 0.32771428571428574, 0.329, 0.3336938775510204, 0.3345102040816327, 0.3368979591836735, 0.3410612244897959, 0.3431020408163265, 0.3415918367346939, 0.3466530612244898, 0.3469591836734694, 0.34955102040816327, 0.3511020408163265, 0.3541836734693877, 0.35485714285714287, 0.3563265306122449, 0.3586122448979592, 0.3615510204081633, 0.3615510204081633, 0.36320408163265305, 0.36579591836734693, 0.365469387755102, 0.3713265306122449, 0.3703877551020408, 0.37259183673469387, 0.37504081632653063, 0.37655102040816324, 0.37655102040816324, 0.3783061224489796, 0.38385714285714284, 0.38257142857142856, 0.3880408163265306, 0.38826530612244897, 0.39116326530612244, 0.39518367346938776, 0.40008163265306124, 0.4051224489795918, 0.40630612244897957, 0.4093469387755102, 0.4114081632653061, 0.41781632653061224, 0.41889795918367345, 0.42714285714285716, 0.4301020408163265, 0.438, 0.4440408163265306, 0.44879591836734695, 0.45571428571428574, 0.4631224489795918, 0.47185714285714286, 0.48151020408163264, 0.48983673469387756, 0.49885714285714283, 0.5094285714285715, 0.5208775510204081, 0.5336122448979592, 0.5470408163265306, 0.5591224489795918, 0.5693877551020409, 0.5829591836734694, 0.5955510204081632, 0.6071224489795919, 0.6133061224489796, 0.6215714285714286, 0.6272040816326531, 0.6306530612244898, 0.6304489795918368]
Val acc list: [0.008, 0.008, 0.008, 0.008, 0.008, 0.007, 0.007, 0.006, 0.006, 0.007, 0.008, 0.012, 0.015, 0.013, 0.012, 0.009, 0.007, 0.004, 0.002, 0.002, 0.002, 0.002, 0.002, 0.003, 0.003, 0.003, 0.003, 0.005, 0.005, 0.006, 0.01, 0.01, 0.01, 0.01, 0.01, 0.01, 0.01, 0.01, 0.01, 0.01, 0.01, 0.01, 0.01, 0.01, 0.01, 0.01, 0.01, 0.01, 0.01, 0.01, 0.011, 0.016, 0.026, 0.034, 0.05, 0.101, 0.159, 0.229, 0.277, 0.32, 0.35, 0.38, 0.398, 0.415, 0.426, 0.433, 0.442, 0.444, 0.444, 0.453, 0.462, 0.46, 0.464, 0.468, 0.468, 0.472, 0.473, 0.479, 0.477, 0.479, 0.482, 0.483, 0.487, 0.489, 0.49, 0.492, 0.495, 0.492, 0.494, 0.495, 0.496, 0.499, 0.502, 0.505, 0.506, 0.505, 0.505, 0.504, 0.504, 0.506]
Val FGSM acc list: [0.008, 0.008, 0.008, 0.008, 0.005, 0.007, 0.004, 0.005, 0.005, 0.004, 0.006, 0.008, 0.009, 0.008, 0.009, 0.007, 0.005, 0.004, 0.002, 0.002, 0.002, 0.002, 0.002, 0.002, 0.002, 0.002, 0.002, 0.003, 0.005, 0.006, 0.01, 0.01, 0.01, 0.01, 0.01, 0.01, 0.01, 0.01, 0.01, 0.01, 0.01, 0.01, 0.01, 0.01, 0.01, 0.01, 0.01, 0.01, 0.01, 0.01, 0.011, 0.011, 0.016, 0.028, 0.035, 0.057, 0.094, 0.139, 0.178, 0.22, 0.246, 0.261, 0.272, 0.292, 0.297, 0.308, 0.308, 0.312, 0.311, 0.313, 0.314, 0.317, 0.32, 0.321, 0.323, 0.322, 0.326, 0.331, 0.334, 0.336, 0.331, 0.334, 0.333, 0.338, 0.335, 0.332, 0.33, 0.331, 0.335, 0.34, 0.343, 0.341, 0.34, 0.335, 0.336, 0.337, 0.336, 0.334, 0.337, 0.337]
Val PGD acc list: [0.008, 0.008, 0.008, 0.008, 0.005, 0.007, 0.004, 0.005, 0.005, 0.004, 0.006, 0.008, 0.009, 0.008, 0.009, 0.007, 0.005, 0.004, 0.002, 0.002, 0.002, 0.002, 0.002, 0.002, 0.002, 0.003, 0.002, 0.003, 0.005, 0.006, 0.01, 0.01, 0.01, 0.01, 0.01, 0.01, 0.01, 0.01, 0.01, 0.01, 0.01, 0.01, 0.01, 0.01, 0.01, 0.01, 0.01, 0.01, 0.01, 0.01, 0.011, 0.011, 0.016, 0.028, 0.035, 0.057, 0.094, 0.136, 0.177, 0.217, 0.24, 0.258, 0.271, 0.285, 0.291, 0.3, 0.305, 0.306, 0.307, 0.309, 0.303, 0.307, 0.307, 0.312, 0.311, 0.312, 0.317, 0.316, 0.324, 0.324, 0.325, 0.323, 0.325, 0.326, 0.326, 0.327, 0.326, 0.326, 0.324, 0.329, 0.329, 0.329, 0.327, 0.323, 0.325, 0.322, 0.325, 0.325, 0.326, 0.325]
Total training time: 5161.4015
Total validation time: 473.6764
Total FLOPs: 11.1094 PetaFLOPs




clean accuracy: 51.87 %
pgd-10 accuracy: 32.81 %
pgd-20 accuracy: 32.68 %
pgd-50 accuracy: 32.68 %

using standard version including apgd-ce, apgd-t, fab-t, square.
initial accuracy: 51.87%
apgd-ce - 1/26 - 64 out of 200 successfully perturbed
apgd-ce - 2/26 - 81 out of 200 successfully perturbed
apgd-ce - 3/26 - 79 out of 200 successfully perturbed
apgd-ce - 4/26 - 72 out of 200 successfully perturbed
apgd-ce - 5/26 - 75 out of 200 successfully perturbed
apgd-ce - 6/26 - 81 out of 200 successfully perturbed
apgd-ce - 7/26 - 77 out of 200 successfully perturbed
apgd-ce - 8/26 - 76 out of 200 successfully perturbed
apgd-ce - 9/26 - 66 out of 200 successfully perturbed
apgd-ce - 10/26 - 77 out of 200 successfully perturbed
apgd-ce - 11/26 - 76 out of 200 successfully perturbed
apgd-ce - 12/26 - 75 out of 200 successfully perturbed
apgd-ce - 13/26 - 75 out of 200 successfully perturbed
apgd-ce - 14/26 - 80 out of 200 successfully perturbed
apgd-ce - 15/26 - 81 out of 200 successfully perturbed
apgd-ce - 16/26 - 74 out of 200 successfully perturbed
apgd-ce - 17/26 - 68 out of 200 successfully perturbed
apgd-ce - 18/26 - 74 out of 200 successfully perturbed
apgd-ce - 19/26 - 78 out of 200 successfully perturbed
apgd-ce - 20/26 - 70 out of 200 successfully perturbed
apgd-ce - 21/26 - 76 out of 200 successfully perturbed
apgd-ce - 22/26 - 70 out of 200 successfully perturbed
apgd-ce - 23/26 - 74 out of 200 successfully perturbed
apgd-ce - 24/26 - 79 out of 200 successfully perturbed
apgd-ce - 25/26 - 77 out of 200 successfully perturbed
apgd-ce - 26/26 - 74 out of 187 successfully perturbed
robust accuracy after APGD-CE: 32.38% (total time 187.5 s)
apgd-t - 1/17 - 24 out of 200 successfully perturbed
apgd-t - 2/17 - 38 out of 200 successfully perturbed
apgd-t - 3/17 - 33 out of 200 successfully perturbed
apgd-t - 4/17 - 41 out of 200 successfully perturbed
apgd-t - 5/17 - 37 out of 200 successfully perturbed
apgd-t - 6/17 - 37 out of 200 successfully perturbed
apgd-t - 7/17 - 21 out of 200 successfully perturbed
apgd-t - 8/17 - 32 out of 200 successfully perturbed
apgd-t - 9/17 - 37 out of 200 successfully perturbed
apgd-t - 10/17 - 37 out of 200 successfully perturbed
apgd-t - 11/17 - 26 out of 200 successfully perturbed
apgd-t - 12/17 - 39 out of 200 successfully perturbed
apgd-t - 13/17 - 24 out of 200 successfully perturbed
apgd-t - 14/17 - 31 out of 200 successfully perturbed
apgd-t - 15/17 - 33 out of 200 successfully perturbed
apgd-t - 16/17 - 24 out of 200 successfully perturbed
apgd-t - 17/17 - 7 out of 38 successfully perturbed
robust accuracy after APGD-T: 27.17% (total time 1161.0 s)
fab-t - 1/14 - 0 out of 200 successfully perturbed
fab-t - 2/14 - 0 out of 200 successfully perturbed
fab-t - 3/14 - 0 out of 200 successfully perturbed
fab-t - 4/14 - 0 out of 200 successfully perturbed
fab-t - 5/14 - 0 out of 200 successfully perturbed
fab-t - 6/14 - 0 out of 200 successfully perturbed
fab-t - 7/14 - 1 out of 200 successfully perturbed
fab-t - 8/14 - 0 out of 200 successfully perturbed
fab-t - 9/14 - 0 out of 200 successfully perturbed
fab-t - 10/14 - 0 out of 200 successfully perturbed
fab-t - 11/14 - 0 out of 200 successfully perturbed
fab-t - 12/14 - 0 out of 200 successfully perturbed
fab-t - 13/14 - 0 out of 200 successfully perturbed
fab-t - 14/14 - 0 out of 117 successfully perturbed
robust accuracy after FAB-T: 27.16% (total time 2375.0 s)
square - 1/14 - 0 out of 200 successfully perturbed
square - 2/14 - 0 out of 200 successfully perturbed
square - 3/14 - 0 out of 200 successfully perturbed
square - 4/14 - 0 out of 200 successfully perturbed
square - 5/14 - 0 out of 200 successfully perturbed
square - 6/14 - 0 out of 200 successfully perturbed
square - 7/14 - 0 out of 200 successfully perturbed
square - 8/14 - 0 out of 200 successfully perturbed
square - 9/14 - 0 out of 200 successfully perturbed
square - 10/14 - 0 out of 200 successfully perturbed
square - 11/14 - 0 out of 200 successfully perturbed
square - 12/14 - 0 out of 200 successfully perturbed
square - 13/14 - 0 out of 200 successfully perturbed
square - 14/14 - 0 out of 116 successfully perturbed
robust accuracy after SQUARE: 27.16% (total time 3881.0 s)
max Linf perturbation: 0.03137, nan in tensor: 0, max: 1.00000, min: 0.00000
robust accuracy: 27.16%
