============ Epoch 0 ============
Train Acc: 0.0171
Train Time: 111.7005
Val Acc: 0.0055
VAL FGSM Acc: 0.0050
VAL PGD Acc: 0.0045
Val Time: 6.1542
============ Epoch 1 ============
Train Acc: 0.0356
Train Time: 112.0495
Val Acc: 0.0040
VAL FGSM Acc: 0.0040
VAL PGD Acc: 0.0040
Val Time: 6.1757
============ Epoch 2 ============
Train Acc: 0.0539
Train Time: 112.2762
Val Acc: 0.0045
VAL FGSM Acc: 0.0035
VAL PGD Acc: 0.0035
Val Time: 6.2052
============ Epoch 3 ============
Train Acc: 0.0702
Train Time: 112.0599
Val Acc: 0.0050
VAL FGSM Acc: 0.0040
VAL PGD Acc: 0.0040
Val Time: 6.1966
============ Epoch 4 ============
Train Acc: 0.0867
Train Time: 111.8854
Val Acc: 0.0020
VAL FGSM Acc: 0.0020
VAL PGD Acc: 0.0020
Val Time: 6.1917
============ Epoch 5 ============
Train Acc: 0.1015
Train Time: 111.8836
Val Acc: 0.0040
VAL FGSM Acc: 0.0025
VAL PGD Acc: 0.0025
Val Time: 6.2057
============ Epoch 6 ============
Train Acc: 0.1145
Train Time: 111.8135
Val Acc: 0.0080
VAL FGSM Acc: 0.0065
VAL PGD Acc: 0.0065
Val Time: 6.2038
============ Epoch 7 ============
Train Acc: 0.1264
Train Time: 111.9096
Val Acc: 0.0170
VAL FGSM Acc: 0.0100
VAL PGD Acc: 0.0100
Val Time: 6.1929
============ Epoch 8 ============
Train Acc: 0.1372
Train Time: 111.8688
Val Acc: 0.0265
VAL FGSM Acc: 0.0150
VAL PGD Acc: 0.0145
Val Time: 6.1967
============ Epoch 9 ============
Train Acc: 0.1485
Train Time: 112.2239
Val Acc: 0.0315
VAL FGSM Acc: 0.0185
VAL PGD Acc: 0.0180
Val Time: 6.2460
============ Epoch 10 ============
Train Acc: 0.1586
Train Time: 112.1607
Val Acc: 0.0330
VAL FGSM Acc: 0.0205
VAL PGD Acc: 0.0205
Val Time: 6.2086
============ Epoch 11 ============
Train Acc: 0.1700
Train Time: 111.9175
Val Acc: 0.0355
VAL FGSM Acc: 0.0210
VAL PGD Acc: 0.0210
Val Time: 6.2078
============ Epoch 12 ============
Train Acc: 0.1805
Train Time: 111.7870
Val Acc: 0.0375
VAL FGSM Acc: 0.0200
VAL PGD Acc: 0.0190
Val Time: 6.2324
============ Epoch 13 ============
Train Acc: 0.1913
Train Time: 111.6165
Val Acc: 0.0380
VAL FGSM Acc: 0.0180
VAL PGD Acc: 0.0180
Val Time: 6.1893
============ Epoch 14 ============
Train Acc: 0.1995
Train Time: 111.4811
Val Acc: 0.0340
VAL FGSM Acc: 0.0180
VAL PGD Acc: 0.0180
Val Time: 6.1883
============ Epoch 15 ============
Train Acc: 0.2060
Train Time: 111.3463
Val Acc: 0.0285
VAL FGSM Acc: 0.0160
VAL PGD Acc: 0.0155
Val Time: 6.1822
============ Epoch 16 ============
Train Acc: 0.2138
Train Time: 111.4057
Val Acc: 0.0240
VAL FGSM Acc: 0.0130
VAL PGD Acc: 0.0130
Val Time: 6.1690
============ Epoch 17 ============
Train Acc: 0.2184
Train Time: 111.5501
Val Acc: 0.0195
VAL FGSM Acc: 0.0125
VAL PGD Acc: 0.0120
Val Time: 6.2052
============ Epoch 18 ============
Train Acc: 0.2233
Train Time: 111.5589
Val Acc: 0.0160
VAL FGSM Acc: 0.0125
VAL PGD Acc: 0.0125
Val Time: 6.1932
============ Epoch 19 ============
Train Acc: 0.2289
Train Time: 111.6161
Val Acc: 0.0150
VAL FGSM Acc: 0.0130
VAL PGD Acc: 0.0130
Val Time: 6.1914
============ Epoch 20 ============
Train Acc: 0.2323
Train Time: 111.6507
Val Acc: 0.0200
VAL FGSM Acc: 0.0140
VAL PGD Acc: 0.0140
Val Time: 6.1964
============ Epoch 21 ============
Train Acc: 0.2352
Train Time: 111.6701
Val Acc: 0.0260
VAL FGSM Acc: 0.0165
VAL PGD Acc: 0.0160
Val Time: 6.2083
============ Epoch 22 ============
Train Acc: 0.2362
Train Time: 111.7644
Val Acc: 0.0410
VAL FGSM Acc: 0.0225
VAL PGD Acc: 0.0220
Val Time: 6.1888
============ Epoch 23 ============
Train Acc: 0.2411
Train Time: 111.7325
Val Acc: 0.0730
VAL FGSM Acc: 0.0345
VAL PGD Acc: 0.0340
Val Time: 6.2038
============ Epoch 24 ============
Train Acc: 0.2437
Train Time: 111.6859
Val Acc: 0.1170
VAL FGSM Acc: 0.0600
VAL PGD Acc: 0.0585
Val Time: 6.1999
============ Epoch 25 ============
Train Acc: 0.2452
Train Time: 111.6899
Val Acc: 0.1720
VAL FGSM Acc: 0.0880
VAL PGD Acc: 0.0840
Val Time: 6.2001
============ Epoch 26 ============
Train Acc: 0.2464
Train Time: 111.6203
Val Acc: 0.2375
VAL FGSM Acc: 0.1180
VAL PGD Acc: 0.1150
Val Time: 6.2176
============ Epoch 27 ============
Train Acc: 0.2500
Train Time: 111.6595
Val Acc: 0.2805
VAL FGSM Acc: 0.1530
VAL PGD Acc: 0.1485
Val Time: 6.1991
============ Epoch 28 ============
Train Acc: 0.2514
Train Time: 111.6476
Val Acc: 0.3070
VAL FGSM Acc: 0.1815
VAL PGD Acc: 0.1765
Val Time: 6.1931
============ Epoch 29 ============
Train Acc: 0.2532
Train Time: 111.7057
Val Acc: 0.3220
VAL FGSM Acc: 0.1975
VAL PGD Acc: 0.1930
Val Time: 6.2011
============ Epoch 30 ============
Train Acc: 0.2541
Train Time: 111.6411
Val Acc: 0.3345
VAL FGSM Acc: 0.2095
VAL PGD Acc: 0.2070
Val Time: 6.1872
============ Epoch 31 ============
Train Acc: 0.2564
Train Time: 111.6078
Val Acc: 0.3515
VAL FGSM Acc: 0.2175
VAL PGD Acc: 0.2130
Val Time: 6.1840
============ Epoch 32 ============
Train Acc: 0.2581
Train Time: 111.6246
Val Acc: 0.3615
VAL FGSM Acc: 0.2215
VAL PGD Acc: 0.2195
Val Time: 6.1984
============ Epoch 33 ============
Train Acc: 0.2598
Train Time: 111.6000
Val Acc: 0.3675
VAL FGSM Acc: 0.2280
VAL PGD Acc: 0.2230
Val Time: 6.1937
============ Epoch 34 ============
Train Acc: 0.2613
Train Time: 111.6010
Val Acc: 0.3705
VAL FGSM Acc: 0.2325
VAL PGD Acc: 0.2265
Val Time: 6.1819
============ Epoch 35 ============
Train Acc: 0.2621
Train Time: 111.6750
Val Acc: 0.3745
VAL FGSM Acc: 0.2320
VAL PGD Acc: 0.2270
Val Time: 6.1695
============ Epoch 36 ============
Train Acc: 0.2627
Train Time: 111.7362
Val Acc: 0.3760
VAL FGSM Acc: 0.2350
VAL PGD Acc: 0.2305
Val Time: 6.1834
============ Epoch 37 ============
Train Acc: 0.2625
Train Time: 111.7401
Val Acc: 0.3745
VAL FGSM Acc: 0.2345
VAL PGD Acc: 0.2305
Val Time: 6.1972
============ Epoch 38 ============
Train Acc: 0.2650
Train Time: 111.5481
Val Acc: 0.3740
VAL FGSM Acc: 0.2360
VAL PGD Acc: 0.2315
Val Time: 6.1883
============ Epoch 39 ============
Train Acc: 0.2661
Train Time: 111.6259
Val Acc: 0.3760
VAL FGSM Acc: 0.2340
VAL PGD Acc: 0.2300
Val Time: 6.1953
============ Epoch 40 ============
Train Acc: 0.2663
Train Time: 111.6158
Val Acc: 0.3785
VAL FGSM Acc: 0.2350
VAL PGD Acc: 0.2290
Val Time: 6.1967
============ Epoch 41 ============
Train Acc: 0.2698
Train Time: 111.6042
Val Acc: 0.3775
VAL FGSM Acc: 0.2365
VAL PGD Acc: 0.2315
Val Time: 6.1904
============ Epoch 42 ============
Train Acc: 0.2692
Train Time: 111.6418
Val Acc: 0.3780
VAL FGSM Acc: 0.2365
VAL PGD Acc: 0.2315
Val Time: 6.2167
============ Epoch 43 ============
Train Acc: 0.2698
Train Time: 111.8084
Val Acc: 0.3775
VAL FGSM Acc: 0.2360
VAL PGD Acc: 0.2295
Val Time: 6.2033
============ Epoch 44 ============
Train Acc: 0.2723
Train Time: 111.7967
Val Acc: 0.3810
VAL FGSM Acc: 0.2375
VAL PGD Acc: 0.2320
Val Time: 6.1965
============ Epoch 45 ============
Train Acc: 0.2715
Train Time: 111.4351
Val Acc: 0.3785
VAL FGSM Acc: 0.2385
VAL PGD Acc: 0.2325
Val Time: 6.1526
============ Epoch 46 ============
Train Acc: 0.2719
Train Time: 111.0057
Val Acc: 0.3790
VAL FGSM Acc: 0.2395
VAL PGD Acc: 0.2340
Val Time: 6.1682
============ Epoch 47 ============
Train Acc: 0.2750
Train Time: 111.1517
Val Acc: 0.3795
VAL FGSM Acc: 0.2380
VAL PGD Acc: 0.2340
Val Time: 6.1650
============ Epoch 48 ============
Train Acc: 0.2743
Train Time: 111.2145
Val Acc: 0.3795
VAL FGSM Acc: 0.2390
VAL PGD Acc: 0.2370
Val Time: 6.1632
============ Epoch 49 ============
Train Acc: 0.2771
Train Time: 111.3421
Val Acc: 0.3865
VAL FGSM Acc: 0.2430
VAL PGD Acc: 0.2370
Val Time: 6.1953
============ Epoch 50 ============
Train Acc: 0.2765
Train Time: 112.0036
Val Acc: 0.3840
VAL FGSM Acc: 0.2430
VAL PGD Acc: 0.2380
Val Time: 6.3073
============ Epoch 51 ============
Train Acc: 0.2793
Train Time: 111.8861
Val Acc: 0.3815
VAL FGSM Acc: 0.2425
VAL PGD Acc: 0.2355
Val Time: 6.2213
============ Epoch 52 ============
Train Acc: 0.2783
Train Time: 111.7394
Val Acc: 0.3845
VAL FGSM Acc: 0.2445
VAL PGD Acc: 0.2365
Val Time: 6.1755
============ Epoch 53 ============
Train Acc: 0.2801
Train Time: 111.4500
Val Acc: 0.3865
VAL FGSM Acc: 0.2440
VAL PGD Acc: 0.2360
Val Time: 6.1637
============ Epoch 54 ============
Train Acc: 0.2826
Train Time: 111.3208
Val Acc: 0.3870
VAL FGSM Acc: 0.2450
VAL PGD Acc: 0.2350
Val Time: 6.1719
============ Epoch 55 ============
Train Acc: 0.2826
Train Time: 111.2861
Val Acc: 0.3870
VAL FGSM Acc: 0.2435
VAL PGD Acc: 0.2350
Val Time: 6.1720
============ Epoch 56 ============
Train Acc: 0.2853
Train Time: 111.3267
Val Acc: 0.3855
VAL FGSM Acc: 0.2445
VAL PGD Acc: 0.2355
Val Time: 6.1865
============ Epoch 57 ============
Train Acc: 0.2867
Train Time: 111.7344
Val Acc: 0.3875
VAL FGSM Acc: 0.2475
VAL PGD Acc: 0.2400
Val Time: 6.2035
============ Epoch 58 ============
Train Acc: 0.2881
Train Time: 111.8910
Val Acc: 0.3895
VAL FGSM Acc: 0.2490
VAL PGD Acc: 0.2395
Val Time: 6.1889
============ Epoch 59 ============
Train Acc: 0.2907
Train Time: 111.6360
Val Acc: 0.3890
VAL FGSM Acc: 0.2495
VAL PGD Acc: 0.2385
Val Time: 6.1820
============ Epoch 60 ============
Train Acc: 0.2901
Train Time: 111.5006
Val Acc: 0.3900
VAL FGSM Acc: 0.2485
VAL PGD Acc: 0.2405
Val Time: 6.1840
============ Epoch 61 ============
Train Acc: 0.2921
Train Time: 111.4031
Val Acc: 0.3865
VAL FGSM Acc: 0.2495
VAL PGD Acc: 0.2440
Val Time: 6.1621
============ Epoch 62 ============
Train Acc: 0.2930
Train Time: 111.2981
Val Acc: 0.3930
VAL FGSM Acc: 0.2495
VAL PGD Acc: 0.2415
Val Time: 6.1752
============ Epoch 63 ============
Train Acc: 0.2963
Train Time: 111.2809
Val Acc: 0.3950
VAL FGSM Acc: 0.2495
VAL PGD Acc: 0.2425
Val Time: 6.1696
============ Epoch 64 ============
Train Acc: 0.2979
Train Time: 111.4211
Val Acc: 0.3985
VAL FGSM Acc: 0.2470
VAL PGD Acc: 0.2425
Val Time: 6.1878
============ Epoch 65 ============
Train Acc: 0.3001
Train Time: 111.8166
Val Acc: 0.3975
VAL FGSM Acc: 0.2460
VAL PGD Acc: 0.2405
Val Time: 6.1938
============ Epoch 66 ============
Train Acc: 0.3007
Train Time: 111.8001
Val Acc: 0.3980
VAL FGSM Acc: 0.2485
VAL PGD Acc: 0.2440
Val Time: 6.2120
============ Epoch 67 ============
Train Acc: 0.3042
Train Time: 111.6455
Val Acc: 0.3990
VAL FGSM Acc: 0.2475
VAL PGD Acc: 0.2390
Val Time: 6.1822
============ Epoch 68 ============
Train Acc: 0.3086
Train Time: 111.4877
Val Acc: 0.3960
VAL FGSM Acc: 0.2470
VAL PGD Acc: 0.2390
Val Time: 6.1883
============ Epoch 69 ============
Train Acc: 0.3107
Train Time: 111.3242
Val Acc: 0.3975
VAL FGSM Acc: 0.2465
VAL PGD Acc: 0.2395
Val Time: 6.1846
============ Epoch 70 ============
Train Acc: 0.3120
Train Time: 111.3000
Val Acc: 0.3975
VAL FGSM Acc: 0.2485
VAL PGD Acc: 0.2395
Val Time: 6.1736
============ Epoch 71 ============
Train Acc: 0.3145
Train Time: 111.5328
Val Acc: 0.3990
VAL FGSM Acc: 0.2510
VAL PGD Acc: 0.2415
Val Time: 6.1821
============ Epoch 72 ============
Train Acc: 0.3184
Train Time: 111.9781
Val Acc: 0.4050
VAL FGSM Acc: 0.2505
VAL PGD Acc: 0.2410
Val Time: 6.2167
============ Epoch 73 ============
Train Acc: 0.3213
Train Time: 111.8678
Val Acc: 0.4065
VAL FGSM Acc: 0.2515
VAL PGD Acc: 0.2430
Val Time: 6.2247
============ Epoch 74 ============
Train Acc: 0.3257
Train Time: 111.5825
Val Acc: 0.4035
VAL FGSM Acc: 0.2525
VAL PGD Acc: 0.2450
Val Time: 6.1937
============ Epoch 75 ============
Train Acc: 0.3293
Train Time: 111.4599
Val Acc: 0.4060
VAL FGSM Acc: 0.2515
VAL PGD Acc: 0.2465
Val Time: 6.1787
============ Epoch 76 ============
Train Acc: 0.3341
Train Time: 111.4097
Val Acc: 0.4030
VAL FGSM Acc: 0.2575
VAL PGD Acc: 0.2455
Val Time: 6.1892
============ Epoch 77 ============
Train Acc: 0.3400
Train Time: 111.3210
Val Acc: 0.4080
VAL FGSM Acc: 0.2575
VAL PGD Acc: 0.2510
Val Time: 6.1649
============ Epoch 78 ============
Train Acc: 0.3434
Train Time: 111.2161
Val Acc: 0.4105
VAL FGSM Acc: 0.2595
VAL PGD Acc: 0.2495
Val Time: 6.1382
============ Epoch 79 ============
Train Acc: 0.3511
Train Time: 111.5764
Val Acc: 0.4050
VAL FGSM Acc: 0.2595
VAL PGD Acc: 0.2520
Val Time: 6.1945
============ Epoch 80 ============
Train Acc: 0.3552
Train Time: 111.9720
Val Acc: 0.4095
VAL FGSM Acc: 0.2610
VAL PGD Acc: 0.2515
Val Time: 6.2012
============ Epoch 81 ============
Train Acc: 0.3604
Train Time: 111.7460
Val Acc: 0.4130
VAL FGSM Acc: 0.2630
VAL PGD Acc: 0.2550
Val Time: 6.1878
============ Epoch 82 ============
Train Acc: 0.3686
Train Time: 111.5879
Val Acc: 0.4140
VAL FGSM Acc: 0.2635
VAL PGD Acc: 0.2565
Val Time: 6.1891
============ Epoch 83 ============
Train Acc: 0.3761
Train Time: 111.5054
Val Acc: 0.4160
VAL FGSM Acc: 0.2640
VAL PGD Acc: 0.2565
Val Time: 6.1789
============ Epoch 84 ============
Train Acc: 0.3856
Train Time: 111.4241
Val Acc: 0.4135
VAL FGSM Acc: 0.2625
VAL PGD Acc: 0.2565
Val Time: 6.1810
============ Epoch 85 ============
Train Acc: 0.3940
Train Time: 111.5838
Val Acc: 0.4115
VAL FGSM Acc: 0.2655
VAL PGD Acc: 0.2575
Val Time: 6.1874
============ Epoch 86 ============
Train Acc: 0.4053
Train Time: 111.6960
Val Acc: 0.4160
VAL FGSM Acc: 0.2630
VAL PGD Acc: 0.2560
Val Time: 6.1949
============ Epoch 87 ============
Train Acc: 0.4144
Train Time: 111.9310
Val Acc: 0.4190
VAL FGSM Acc: 0.2665
VAL PGD Acc: 0.2570
Val Time: 6.1941
============ Epoch 88 ============
Train Acc: 0.4256
Train Time: 111.8335
Val Acc: 0.4220
VAL FGSM Acc: 0.2655
VAL PGD Acc: 0.2575
Val Time: 6.1648
============ Epoch 89 ============
Train Acc: 0.4365
Train Time: 111.5684
Val Acc: 0.4255
VAL FGSM Acc: 0.2665
VAL PGD Acc: 0.2600
Val Time: 6.1899
============ Epoch 90 ============
Train Acc: 0.4511
Train Time: 111.3990
Val Acc: 0.4285
VAL FGSM Acc: 0.2705
VAL PGD Acc: 0.2590
Val Time: 6.1474
============ Epoch 91 ============
Train Acc: 0.4643
Train Time: 111.3899
Val Acc: 0.4345
VAL FGSM Acc: 0.2670
VAL PGD Acc: 0.2570
Val Time: 6.1742
============ Epoch 92 ============
Train Acc: 0.4771
Train Time: 111.4593
Val Acc: 0.4345
VAL FGSM Acc: 0.2675
VAL PGD Acc: 0.2565
Val Time: 6.1916
============ Epoch 93 ============
Train Acc: 0.4920
Train Time: 111.4198
Val Acc: 0.4350
VAL FGSM Acc: 0.2680
VAL PGD Acc: 0.2560
Val Time: 6.1858
============ Epoch 94 ============
Train Acc: 0.5062
Train Time: 111.4555
Val Acc: 0.4375
VAL FGSM Acc: 0.2665
VAL PGD Acc: 0.2570
Val Time: 6.1970
============ Epoch 95 ============
Train Acc: 0.5187
Train Time: 111.8458
Val Acc: 0.4370
VAL FGSM Acc: 0.2690
VAL PGD Acc: 0.2545
Val Time: 6.2093
============ Epoch 96 ============
Train Acc: 0.5294
Train Time: 111.8918
Val Acc: 0.4390
VAL FGSM Acc: 0.2675
VAL PGD Acc: 0.2580
Val Time: 6.1905
============ Epoch 97 ============
Train Acc: 0.5360
Train Time: 111.6251
Val Acc: 0.4375
VAL FGSM Acc: 0.2685
VAL PGD Acc: 0.2555
Val Time: 6.1965
============ Epoch 98 ============
Train Acc: 0.5416
Train Time: 111.5119
Val Acc: 0.4385
VAL FGSM Acc: 0.2700
VAL PGD Acc: 0.2560
Val Time: 6.1761
============ Epoch 99 ============
Train Acc: 0.5429
Train Time: 111.3103
Val Acc: 0.4380
VAL FGSM Acc: 0.2700
VAL PGD Acc: 0.2555
Val Time: 6.1352

Train acc list: [0.017142857142857144, 0.03559183673469388, 0.053887755102040816, 0.07018367346938775, 0.08665306122448979, 0.10153061224489796, 0.11445918367346938, 0.12642857142857142, 0.13724489795918368, 0.1485204081632653, 0.15859183673469388, 0.16995918367346938, 0.18053061224489797, 0.1913469387755102, 0.1995204081632653, 0.20595918367346938, 0.2138469387755102, 0.21835714285714286, 0.2233061224489796, 0.22893877551020408, 0.23231632653061224, 0.23516326530612244, 0.2362142857142857, 0.24109183673469387, 0.24371428571428572, 0.24524489795918367, 0.24642857142857144, 0.2500204081632653, 0.2514489795918367, 0.2531530612244898, 0.2540816326530612, 0.2563979591836735, 0.25810204081632654, 0.2598061224489796, 0.26129591836734695, 0.2621428571428571, 0.2627244897959184, 0.26253061224489793, 0.265, 0.26608163265306123, 0.26632653061224487, 0.269765306122449, 0.2692040816326531, 0.2698265306122449, 0.2723469387755102, 0.2715204081632653, 0.27190816326530615, 0.2750408163265306, 0.2743163265306122, 0.27710204081632656, 0.2765204081632653, 0.27929591836734696, 0.27829591836734696, 0.2800918367346939, 0.28255102040816327, 0.28258163265306124, 0.2852959183673469, 0.2867142857142857, 0.2881224489795918, 0.2907448979591837, 0.29012244897959183, 0.2921020408163265, 0.2929591836734694, 0.29627551020408166, 0.29792857142857143, 0.30012244897959184, 0.30068367346938774, 0.3041632653061225, 0.3086326530612245, 0.3107244897959184, 0.312, 0.3145204081632653, 0.3184489795918367, 0.32126530612244897, 0.325734693877551, 0.3292551020408163, 0.33408163265306123, 0.3399795918367347, 0.3434081632653061, 0.3510714285714286, 0.355234693877551, 0.36039795918367346, 0.36859183673469387, 0.37614285714285717, 0.38555102040816325, 0.39398979591836736, 0.4052857142857143, 0.41444897959183674, 0.4255510204081633, 0.436469387755102, 0.4511428571428571, 0.46427551020408164, 0.47711224489795917, 0.4919591836734694, 0.5062448979591837, 0.518734693877551, 0.5293571428571429, 0.5360102040816327, 0.5415612244897959, 0.5429489795918367]
Val acc list: [0.0055, 0.004, 0.0045, 0.005, 0.002, 0.004, 0.008, 0.017, 0.0265, 0.0315, 0.033, 0.0355, 0.0375, 0.038, 0.034, 0.0285, 0.024, 0.0195, 0.016, 0.015, 0.02, 0.026, 0.041, 0.073, 0.117, 0.172, 0.2375, 0.2805, 0.307, 0.322, 0.3345, 0.3515, 0.3615, 0.3675, 0.3705, 0.3745, 0.376, 0.3745, 0.374, 0.376, 0.3785, 0.3775, 0.378, 0.3775, 0.381, 0.3785, 0.379, 0.3795, 0.3795, 0.3865, 0.384, 0.3815, 0.3845, 0.3865, 0.387, 0.387, 0.3855, 0.3875, 0.3895, 0.389, 0.39, 0.3865, 0.393, 0.395, 0.3985, 0.3975, 0.398, 0.399, 0.396, 0.3975, 0.3975, 0.399, 0.405, 0.4065, 0.4035, 0.406, 0.403, 0.408, 0.4105, 0.405, 0.4095, 0.413, 0.414, 0.416, 0.4135, 0.4115, 0.416, 0.419, 0.422, 0.4255, 0.4285, 0.4345, 0.4345, 0.435, 0.4375, 0.437, 0.439, 0.4375, 0.4385, 0.438]
Val FGSM acc list: [0.005, 0.004, 0.0035, 0.004, 0.002, 0.0025, 0.0065, 0.01, 0.015, 0.0185, 0.0205, 0.021, 0.02, 0.018, 0.018, 0.016, 0.013, 0.0125, 0.0125, 0.013, 0.014, 0.0165, 0.0225, 0.0345, 0.06, 0.088, 0.118, 0.153, 0.1815, 0.1975, 0.2095, 0.2175, 0.2215, 0.228, 0.2325, 0.232, 0.235, 0.2345, 0.236, 0.234, 0.235, 0.2365, 0.2365, 0.236, 0.2375, 0.2385, 0.2395, 0.238, 0.239, 0.243, 0.243, 0.2425, 0.2445, 0.244, 0.245, 0.2435, 0.2445, 0.2475, 0.249, 0.2495, 0.2485, 0.2495, 0.2495, 0.2495, 0.247, 0.246, 0.2485, 0.2475, 0.247, 0.2465, 0.2485, 0.251, 0.2505, 0.2515, 0.2525, 0.2515, 0.2575, 0.2575, 0.2595, 0.2595, 0.261, 0.263, 0.2635, 0.264, 0.2625, 0.2655, 0.263, 0.2665, 0.2655, 0.2665, 0.2705, 0.267, 0.2675, 0.268, 0.2665, 0.269, 0.2675, 0.2685, 0.27, 0.27]
Val PGD acc list: [0.0045, 0.004, 0.0035, 0.004, 0.002, 0.0025, 0.0065, 0.01, 0.0145, 0.018, 0.0205, 0.021, 0.019, 0.018, 0.018, 0.0155, 0.013, 0.012, 0.0125, 0.013, 0.014, 0.016, 0.022, 0.034, 0.0585, 0.084, 0.115, 0.1485, 0.1765, 0.193, 0.207, 0.213, 0.2195, 0.223, 0.2265, 0.227, 0.2305, 0.2305, 0.2315, 0.23, 0.229, 0.2315, 0.2315, 0.2295, 0.232, 0.2325, 0.234, 0.234, 0.237, 0.237, 0.238, 0.2355, 0.2365, 0.236, 0.235, 0.235, 0.2355, 0.24, 0.2395, 0.2385, 0.2405, 0.244, 0.2415, 0.2425, 0.2425, 0.2405, 0.244, 0.239, 0.239, 0.2395, 0.2395, 0.2415, 0.241, 0.243, 0.245, 0.2465, 0.2455, 0.251, 0.2495, 0.252, 0.2515, 0.255, 0.2565, 0.2565, 0.2565, 0.2575, 0.256, 0.257, 0.2575, 0.26, 0.259, 0.257, 0.2565, 0.256, 0.257, 0.2545, 0.258, 0.2555, 0.256, 0.2555]
Total training time: 11162.6059
Total validation time: 619.0119
Total FLOPs: 90.5595 PetaFLOPs




clean accuracy: 45.11 %
pgd-10 accuracy: 26.77 %
pgd-20 accuracy: 26.58 %
pgd-50 accuracy: 26.6 %

using standard version including apgd-ce, apgd-t, fab-t, square.
initial accuracy: 45.11%
apgd-ce - 1/23 - 74 out of 200 successfully perturbed
apgd-ce - 2/23 - 77 out of 200 successfully perturbed
apgd-ce - 3/23 - 93 out of 200 successfully perturbed
apgd-ce - 4/23 - 78 out of 200 successfully perturbed
apgd-ce - 5/23 - 78 out of 200 successfully perturbed
apgd-ce - 6/23 - 84 out of 200 successfully perturbed
apgd-ce - 7/23 - 80 out of 200 successfully perturbed
apgd-ce - 8/23 - 84 out of 200 successfully perturbed
apgd-ce - 9/23 - 77 out of 200 successfully perturbed
apgd-ce - 10/23 - 85 out of 200 successfully perturbed
apgd-ce - 11/23 - 84 out of 200 successfully perturbed
apgd-ce - 12/23 - 78 out of 200 successfully perturbed
apgd-ce - 13/23 - 90 out of 200 successfully perturbed
apgd-ce - 14/23 - 82 out of 200 successfully perturbed
apgd-ce - 15/23 - 97 out of 200 successfully perturbed
apgd-ce - 16/23 - 84 out of 200 successfully perturbed
apgd-ce - 17/23 - 87 out of 200 successfully perturbed
apgd-ce - 18/23 - 90 out of 200 successfully perturbed
apgd-ce - 19/23 - 82 out of 200 successfully perturbed
apgd-ce - 20/23 - 85 out of 200 successfully perturbed
apgd-ce - 21/23 - 89 out of 200 successfully perturbed
apgd-ce - 22/23 - 76 out of 200 successfully perturbed
apgd-ce - 23/23 - 43 out of 111 successfully perturbed
robust accuracy after APGD-CE: 26.34% (total time 110.2 s)
apgd-t - 1/14 - 48 out of 200 successfully perturbed
apgd-t - 2/14 - 51 out of 200 successfully perturbed
apgd-t - 3/14 - 56 out of 200 successfully perturbed
apgd-t - 4/14 - 46 out of 200 successfully perturbed
apgd-t - 5/14 - 49 out of 200 successfully perturbed
apgd-t - 6/14 - 48 out of 200 successfully perturbed
apgd-t - 7/14 - 43 out of 200 successfully perturbed
apgd-t - 8/14 - 57 out of 200 successfully perturbed
apgd-t - 9/14 - 55 out of 200 successfully perturbed
apgd-t - 10/14 - 48 out of 200 successfully perturbed
apgd-t - 11/14 - 41 out of 200 successfully perturbed
apgd-t - 12/14 - 54 out of 200 successfully perturbed
apgd-t - 13/14 - 56 out of 200 successfully perturbed
apgd-t - 14/14 - 7 out of 34 successfully perturbed
robust accuracy after APGD-T: 19.75% (total time 593.3 s)
fab-t - 1/10 - 0 out of 200 successfully perturbed
fab-t - 2/10 - 0 out of 200 successfully perturbed
fab-t - 3/10 - 0 out of 200 successfully perturbed
fab-t - 4/10 - 0 out of 200 successfully perturbed
fab-t - 5/10 - 0 out of 200 successfully perturbed
fab-t - 6/10 - 0 out of 200 successfully perturbed
fab-t - 7/10 - 0 out of 200 successfully perturbed
fab-t - 8/10 - 0 out of 200 successfully perturbed
fab-t - 9/10 - 0 out of 200 successfully perturbed
fab-t - 10/10 - 0 out of 175 successfully perturbed
robust accuracy after FAB-T: 19.75% (total time 1535.2 s)
square - 1/10 - 0 out of 200 successfully perturbed
square - 2/10 - 0 out of 200 successfully perturbed
square - 3/10 - 0 out of 200 successfully perturbed
square - 4/10 - 0 out of 200 successfully perturbed
square - 5/10 - 0 out of 200 successfully perturbed
square - 6/10 - 0 out of 200 successfully perturbed
square - 7/10 - 0 out of 200 successfully perturbed
square - 8/10 - 0 out of 200 successfully perturbed
square - 9/10 - 0 out of 200 successfully perturbed
square - 10/10 - 0 out of 175 successfully perturbed
robust accuracy after SQUARE: 19.75% (total time 2594.8 s)
max Linf perturbation: 0.03137, nan in tensor: 0, max: 1.00000, min: 0.00000
robust accuracy: 19.75%
