
============ Epoch 0 ============
Train Acc: 0.0107
Train Time: 368.9736
Val Acc: 0.0045
VAL FGSM Acc: 0.0045
VAL PGD Acc: 0.0045
Val Time: 30.8469
============ Epoch 1 ============
Train Acc: 0.0182
Train Time: 357.7468
Val Acc: 0.0045
VAL FGSM Acc: 0.0035
VAL PGD Acc: 0.0035
Val Time: 30.9297
============ Epoch 2 ============
Train Acc: 0.0233
Train Time: 357.4803
Val Acc: 0.0055
VAL FGSM Acc: 0.0050
VAL PGD Acc: 0.0050
Val Time: 31.0697
============ Epoch 3 ============
Train Acc: 0.0288
Train Time: 357.5674
Val Acc: 0.0075
VAL FGSM Acc: 0.0050
VAL PGD Acc: 0.0050
Val Time: 31.1222
============ Epoch 4 ============
Train Acc: 0.0352
Train Time: 357.6598
Val Acc: 0.0070
VAL FGSM Acc: 0.0045
VAL PGD Acc: 0.0045
Val Time: 31.0506
============ Epoch 5 ============
Train Acc: 0.0403
Train Time: 357.8906
Val Acc: 0.0085
VAL FGSM Acc: 0.0055
VAL PGD Acc: 0.0055
Val Time: 31.0865
============ Epoch 6 ============
Train Acc: 0.0464
Train Time: 357.8185
Val Acc: 0.0135
VAL FGSM Acc: 0.0070
VAL PGD Acc: 0.0070
Val Time: 31.1081
============ Epoch 7 ============
Train Acc: 0.0513
Train Time: 357.9246
Val Acc: 0.0205
VAL FGSM Acc: 0.0100
VAL PGD Acc: 0.0110
Val Time: 31.0630
============ Epoch 8 ============
Train Acc: 0.0561
Train Time: 357.7851
Val Acc: 0.0270
VAL FGSM Acc: 0.0125
VAL PGD Acc: 0.0130
Val Time: 31.0562
============ Epoch 9 ============
Train Acc: 0.0613
Train Time: 357.5416
Val Acc: 0.0350
VAL FGSM Acc: 0.0125
VAL PGD Acc: 0.0125
Val Time: 30.9968
============ Epoch 10 ============
Train Acc: 0.0660
Train Time: 357.0757
Val Acc: 0.0385
VAL FGSM Acc: 0.0140
VAL PGD Acc: 0.0145
Val Time: 31.0040
============ Epoch 11 ============
Train Acc: 0.0702
Train Time: 357.4192
Val Acc: 0.0425
VAL FGSM Acc: 0.0185
VAL PGD Acc: 0.0175
Val Time: 31.0319
============ Epoch 12 ============
Train Acc: 0.0750
Train Time: 357.5953
Val Acc: 0.0425
VAL FGSM Acc: 0.0195
VAL PGD Acc: 0.0190
Val Time: 31.0691
============ Epoch 13 ============
Train Acc: 0.0793
Train Time: 357.1731
Val Acc: 0.0395
VAL FGSM Acc: 0.0175
VAL PGD Acc: 0.0180
Val Time: 31.0640
============ Epoch 14 ============
Train Acc: 0.0846
Train Time: 356.8427
Val Acc: 0.0325
VAL FGSM Acc: 0.0145
VAL PGD Acc: 0.0145
Val Time: 31.0360
============ Epoch 15 ============
Train Acc: 0.0884
Train Time: 356.8188
Val Acc: 0.0245
VAL FGSM Acc: 0.0125
VAL PGD Acc: 0.0125
Val Time: 30.9886
============ Epoch 16 ============
Train Acc: 0.0913
Train Time: 356.4519
Val Acc: 0.0165
VAL FGSM Acc: 0.0090
VAL PGD Acc: 0.0090
Val Time: 30.9510
============ Epoch 17 ============
Train Acc: 0.0942
Train Time: 356.2582
Val Acc: 0.0135
VAL FGSM Acc: 0.0065
VAL PGD Acc: 0.0065
Val Time: 30.9201
============ Epoch 18 ============
Train Acc: 0.0981
Train Time: 356.6093
Val Acc: 0.0120
VAL FGSM Acc: 0.0060
VAL PGD Acc: 0.0070
Val Time: 30.8652
============ Epoch 19 ============
Train Acc: 0.0984
Train Time: 355.8335
Val Acc: 0.0105
VAL FGSM Acc: 0.0065
VAL PGD Acc: 0.0070
Val Time: 30.7276
============ Epoch 20 ============
Train Acc: 0.1004
Train Time: 356.5010
Val Acc: 0.0135
VAL FGSM Acc: 0.0080
VAL PGD Acc: 0.0085
Val Time: 30.8454
============ Epoch 21 ============
Train Acc: 0.1033
Train Time: 356.4233
Val Acc: 0.0170
VAL FGSM Acc: 0.0095
VAL PGD Acc: 0.0095
Val Time: 30.7984
============ Epoch 22 ============
Train Acc: 0.1034
Train Time: 356.5772
Val Acc: 0.0275
VAL FGSM Acc: 0.0130
VAL PGD Acc: 0.0140
Val Time: 30.8335
============ Epoch 23 ============
Train Acc: 0.1064
Train Time: 356.4102
Val Acc: 0.0525
VAL FGSM Acc: 0.0245
VAL PGD Acc: 0.0250
Val Time: 30.8618
============ Epoch 24 ============
Train Acc: 0.1079
Train Time: 356.3057
Val Acc: 0.0855
VAL FGSM Acc: 0.0450
VAL PGD Acc: 0.0450
Val Time: 30.8676
============ Epoch 25 ============
Train Acc: 0.1100
Train Time: 356.5346
Val Acc: 0.1280
VAL FGSM Acc: 0.0660
VAL PGD Acc: 0.0650
Val Time: 30.8358
============ Epoch 26 ============
Train Acc: 0.1102
Train Time: 356.1769
Val Acc: 0.1700
VAL FGSM Acc: 0.0890
VAL PGD Acc: 0.0880
Val Time: 30.8067
============ Epoch 27 ============
Train Acc: 0.1124
Train Time: 356.3741
Val Acc: 0.2065
VAL FGSM Acc: 0.1035
VAL PGD Acc: 0.1045
Val Time: 30.8382
============ Epoch 28 ============
Train Acc: 0.1138
Train Time: 356.2595
Val Acc: 0.2260
VAL FGSM Acc: 0.1235
VAL PGD Acc: 0.1240
Val Time: 30.8379
============ Epoch 29 ============
Train Acc: 0.1153
Train Time: 356.1476
Val Acc: 0.2365
VAL FGSM Acc: 0.1350
VAL PGD Acc: 0.1320
Val Time: 30.8274
============ Epoch 30 ============
Train Acc: 0.1163
Train Time: 356.0809
Val Acc: 0.2440
VAL FGSM Acc: 0.1410
VAL PGD Acc: 0.1400
Val Time: 30.8325
============ Epoch 31 ============
Train Acc: 0.1173
Train Time: 356.0360
Val Acc: 0.2525
VAL FGSM Acc: 0.1465
VAL PGD Acc: 0.1445
Val Time: 30.7998
============ Epoch 32 ============
Train Acc: 0.1182
Train Time: 356.1545
Val Acc: 0.2595
VAL FGSM Acc: 0.1550
VAL PGD Acc: 0.1505
Val Time: 30.8106
============ Epoch 33 ============
Train Acc: 0.1194
Train Time: 355.9714
Val Acc: 0.2635
VAL FGSM Acc: 0.1580
VAL PGD Acc: 0.1545
Val Time: 30.8392
============ Epoch 34 ============
Train Acc: 0.1204
Train Time: 356.1336
Val Acc: 0.2700
VAL FGSM Acc: 0.1620
VAL PGD Acc: 0.1565
Val Time: 30.8507
============ Epoch 35 ============
Train Acc: 0.1214
Train Time: 355.9734
Val Acc: 0.2750
VAL FGSM Acc: 0.1640
VAL PGD Acc: 0.1610
Val Time: 30.7953
============ Epoch 36 ============
Train Acc: 0.1216
Train Time: 356.2188
Val Acc: 0.2790
VAL FGSM Acc: 0.1660
VAL PGD Acc: 0.1605
Val Time: 30.8085
============ Epoch 37 ============
Train Acc: 0.1224
Train Time: 356.1899
Val Acc: 0.2800
VAL FGSM Acc: 0.1630
VAL PGD Acc: 0.1575
Val Time: 30.8117
============ Epoch 38 ============
Train Acc: 0.1223
Train Time: 355.5176
Val Acc: 0.2815
VAL FGSM Acc: 0.1615
VAL PGD Acc: 0.1580
Val Time: 30.7473
============ Epoch 39 ============
Train Acc: 0.1239
Train Time: 355.8130
Val Acc: 0.2830
VAL FGSM Acc: 0.1650
VAL PGD Acc: 0.1605
Val Time: 30.7547
============ Epoch 40 ============
Train Acc: 0.1246
Train Time: 356.2870
Val Acc: 0.2865
VAL FGSM Acc: 0.1655
VAL PGD Acc: 0.1610
Val Time: 30.8008
============ Epoch 41 ============
Train Acc: 0.1258
Train Time: 356.0166
Val Acc: 0.2865
VAL FGSM Acc: 0.1665
VAL PGD Acc: 0.1615
Val Time: 30.8092
============ Epoch 42 ============
Train Acc: 0.1247
Train Time: 355.9149
Val Acc: 0.2880
VAL FGSM Acc: 0.1675
VAL PGD Acc: 0.1630
Val Time: 30.8081
============ Epoch 43 ============
Train Acc: 0.1275
Train Time: 356.0264
Val Acc: 0.2870
VAL FGSM Acc: 0.1655
VAL PGD Acc: 0.1630
Val Time: 30.8276
============ Epoch 44 ============
Train Acc: 0.1271
Train Time: 356.0575
Val Acc: 0.2885
VAL FGSM Acc: 0.1690
VAL PGD Acc: 0.1650
Val Time: 30.8279
============ Epoch 45 ============
Train Acc: 0.1278
Train Time: 355.9956
Val Acc: 0.2910
VAL FGSM Acc: 0.1715
VAL PGD Acc: 0.1660
Val Time: 30.8009
============ Epoch 46 ============
Train Acc: 0.1289
Train Time: 356.1505
Val Acc: 0.2915
VAL FGSM Acc: 0.1715
VAL PGD Acc: 0.1675
Val Time: 30.8083
============ Epoch 47 ============
Train Acc: 0.1289
Train Time: 355.4553
Val Acc: 0.2940
VAL FGSM Acc: 0.1700
VAL PGD Acc: 0.1670
Val Time: 30.7615
============ Epoch 48 ============
Train Acc: 0.1305
Train Time: 356.1075
Val Acc: 0.2915
VAL FGSM Acc: 0.1705
VAL PGD Acc: 0.1670
Val Time: 30.8098
============ Epoch 49 ============
Train Acc: 0.1303
Train Time: 356.2916
Val Acc: 0.2925
VAL FGSM Acc: 0.1740
VAL PGD Acc: 0.1680
Val Time: 30.8056
============ Epoch 50 ============
Train Acc: 0.1304
Train Time: 355.9285
Val Acc: 0.2970
VAL FGSM Acc: 0.1760
VAL PGD Acc: 0.1675
Val Time: 30.8806
============ Epoch 51 ============
Train Acc: 0.1320
Train Time: 356.3309
Val Acc: 0.2970
VAL FGSM Acc: 0.1775
VAL PGD Acc: 0.1715
Val Time: 30.7919
============ Epoch 52 ============
Train Acc: 0.1329
Train Time: 355.9266
Val Acc: 0.2955
VAL FGSM Acc: 0.1775
VAL PGD Acc: 0.1720
Val Time: 30.8292
============ Epoch 53 ============
Train Acc: 0.1327
Train Time: 356.4921
Val Acc: 0.2975
VAL FGSM Acc: 0.1800
VAL PGD Acc: 0.1745
Val Time: 30.7748
============ Epoch 54 ============
Train Acc: 0.1343
Train Time: 356.1062
Val Acc: 0.2945
VAL FGSM Acc: 0.1770
VAL PGD Acc: 0.1750
Val Time: 30.7810
============ Epoch 55 ============
Train Acc: 0.1357
Train Time: 356.2743
Val Acc: 0.2930
VAL FGSM Acc: 0.1770
VAL PGD Acc: 0.1725
Val Time: 30.7873
============ Epoch 56 ============
Train Acc: 0.1356
Train Time: 355.9991
Val Acc: 0.2950
VAL FGSM Acc: 0.1790
VAL PGD Acc: 0.1735
Val Time: 30.7753
============ Epoch 57 ============
Train Acc: 0.1371
Train Time: 356.0518
Val Acc: 0.2990
VAL FGSM Acc: 0.1800
VAL PGD Acc: 0.1735
Val Time: 30.8013
============ Epoch 58 ============
Train Acc: 0.1389
Train Time: 356.0319
Val Acc: 0.2985
VAL FGSM Acc: 0.1810
VAL PGD Acc: 0.1720
Val Time: 30.7944
============ Epoch 59 ============
Train Acc: 0.1371
Train Time: 355.8078
Val Acc: 0.3005
VAL FGSM Acc: 0.1795
VAL PGD Acc: 0.1730
Val Time: 30.8241
============ Epoch 60 ============
Train Acc: 0.1392
Train Time: 356.0056
Val Acc: 0.2985
VAL FGSM Acc: 0.1800
VAL PGD Acc: 0.1740
Val Time: 30.8284
============ Epoch 61 ============
Train Acc: 0.1419
Train Time: 355.8005
Val Acc: 0.2980
VAL FGSM Acc: 0.1810
VAL PGD Acc: 0.1770
Val Time: 30.7927
============ Epoch 62 ============
Train Acc: 0.1420
Train Time: 356.7822
Val Acc: 0.3005
VAL FGSM Acc: 0.1810
VAL PGD Acc: 0.1765
Val Time: 30.8413
============ Epoch 63 ============
Train Acc: 0.1433
Train Time: 356.0483
Val Acc: 0.3035
VAL FGSM Acc: 0.1805
VAL PGD Acc: 0.1760
Val Time: 30.7811
============ Epoch 64 ============
Train Acc: 0.1448
Train Time: 356.3193
Val Acc: 0.3055
VAL FGSM Acc: 0.1785
VAL PGD Acc: 0.1755
Val Time: 30.8100
============ Epoch 65 ============
Train Acc: 0.1465
Train Time: 356.0916
Val Acc: 0.3075
VAL FGSM Acc: 0.1810
VAL PGD Acc: 0.1730
Val Time: 30.7590
============ Epoch 66 ============
Train Acc: 0.1478
Train Time: 355.4829
Val Acc: 0.3090
VAL FGSM Acc: 0.1810
VAL PGD Acc: 0.1750
Val Time: 30.7772
============ Epoch 67 ============
Train Acc: 0.1484
Train Time: 355.9559
Val Acc: 0.3125
VAL FGSM Acc: 0.1815
VAL PGD Acc: 0.1745
Val Time: 30.8389
============ Epoch 68 ============
Train Acc: 0.1508
Train Time: 356.2275
Val Acc: 0.3125
VAL FGSM Acc: 0.1840
VAL PGD Acc: 0.1775
Val Time: 30.7690
============ Epoch 69 ============
Train Acc: 0.1529
Train Time: 355.9709
Val Acc: 0.3150
VAL FGSM Acc: 0.1850
VAL PGD Acc: 0.1800
Val Time: 30.8079
============ Epoch 70 ============
Train Acc: 0.1525
Train Time: 356.0168
Val Acc: 0.3175
VAL FGSM Acc: 0.1835
VAL PGD Acc: 0.1795
Val Time: 30.8612
============ Epoch 71 ============
Train Acc: 0.1559
Train Time: 356.0428
Val Acc: 0.3160
VAL FGSM Acc: 0.1850
VAL PGD Acc: 0.1805
Val Time: 30.8145
============ Epoch 72 ============
Train Acc: 0.1572
Train Time: 356.0881
Val Acc: 0.3185
VAL FGSM Acc: 0.1865
VAL PGD Acc: 0.1805
Val Time: 30.7608
============ Epoch 73 ============
Train Acc: 0.1592
Train Time: 356.1938
Val Acc: 0.3150
VAL FGSM Acc: 0.1860
VAL PGD Acc: 0.1795
Val Time: 30.7615
============ Epoch 74 ============
Train Acc: 0.1617
Train Time: 356.1944
Val Acc: 0.3150
VAL FGSM Acc: 0.1870
VAL PGD Acc: 0.1800
Val Time: 30.8030
============ Epoch 75 ============
Train Acc: 0.1638
Train Time: 355.6028
Val Acc: 0.3210
VAL FGSM Acc: 0.1875
VAL PGD Acc: 0.1805
Val Time: 30.7217
============ Epoch 76 ============
Train Acc: 0.1678
Train Time: 355.6756
Val Acc: 0.3235
VAL FGSM Acc: 0.1875
VAL PGD Acc: 0.1805
Val Time: 30.8530
============ Epoch 77 ============
Train Acc: 0.1693
Train Time: 355.9660
Val Acc: 0.3245
VAL FGSM Acc: 0.1890
VAL PGD Acc: 0.1825
Val Time: 30.7836
============ Epoch 78 ============
Train Acc: 0.1738
Train Time: 355.8010
Val Acc: 0.3290
VAL FGSM Acc: 0.1905
VAL PGD Acc: 0.1820
Val Time: 30.8177
============ Epoch 79 ============
Train Acc: 0.1764
Train Time: 356.7333
Val Acc: 0.3320
VAL FGSM Acc: 0.1905
VAL PGD Acc: 0.1845
Val Time: 30.7804
============ Epoch 80 ============
Train Acc: 0.1800
Train Time: 355.9584
Val Acc: 0.3320
VAL FGSM Acc: 0.1910
VAL PGD Acc: 0.1860
Val Time: 30.7966
============ Epoch 81 ============
Train Acc: 0.1840
Train Time: 356.6267
Val Acc: 0.3360
VAL FGSM Acc: 0.1900
VAL PGD Acc: 0.1850
Val Time: 30.8222
============ Epoch 82 ============
Train Acc: 0.1887
Train Time: 355.9691
Val Acc: 0.3375
VAL FGSM Acc: 0.1940
VAL PGD Acc: 0.1850
Val Time: 30.7912
============ Epoch 83 ============
Train Acc: 0.1945
Train Time: 356.4552
Val Acc: 0.3385
VAL FGSM Acc: 0.1970
VAL PGD Acc: 0.1870
Val Time: 30.8674
============ Epoch 84 ============
Train Acc: 0.2001
Train Time: 356.5102
Val Acc: 0.3395
VAL FGSM Acc: 0.1945
VAL PGD Acc: 0.1850
Val Time: 30.8467
============ Epoch 85 ============
Train Acc: 0.2045
Train Time: 356.2360
Val Acc: 0.3395
VAL FGSM Acc: 0.1970
VAL PGD Acc: 0.1865
Val Time: 30.8263
============ Epoch 86 ============
Train Acc: 0.2128
Train Time: 356.5692
Val Acc: 0.3415
VAL FGSM Acc: 0.1990
VAL PGD Acc: 0.1880
Val Time: 30.8453
============ Epoch 87 ============
Train Acc: 0.2185
Train Time: 355.9657
Val Acc: 0.3480
VAL FGSM Acc: 0.1960
VAL PGD Acc: 0.1855
Val Time: 30.8226
============ Epoch 88 ============
Train Acc: 0.2264
Train Time: 356.1963
Val Acc: 0.3505
VAL FGSM Acc: 0.1980
VAL PGD Acc: 0.1880
Val Time: 30.8371
============ Epoch 89 ============
Train Acc: 0.2339
Train Time: 356.1739
Val Acc: 0.3500
VAL FGSM Acc: 0.2020
VAL PGD Acc: 0.1880
Val Time: 30.8215
============ Epoch 90 ============
Train Acc: 0.2432
Train Time: 356.2077
Val Acc: 0.3520
VAL FGSM Acc: 0.2035
VAL PGD Acc: 0.1900
Val Time: 30.8168
============ Epoch 91 ============
Train Acc: 0.2529
Train Time: 356.0246
Val Acc: 0.3545
VAL FGSM Acc: 0.2045
VAL PGD Acc: 0.1905
Val Time: 30.8008
============ Epoch 92 ============
Train Acc: 0.2633
Train Time: 356.2435
Val Acc: 0.3535
VAL FGSM Acc: 0.2040
VAL PGD Acc: 0.1920
Val Time: 30.8495
============ Epoch 93 ============
Train Acc: 0.2736
Train Time: 356.2204
Val Acc: 0.3565
VAL FGSM Acc: 0.2025
VAL PGD Acc: 0.1925
Val Time: 30.8149
============ Epoch 94 ============
Train Acc: 0.2842
Train Time: 355.5254
Val Acc: 0.3590
VAL FGSM Acc: 0.2030
VAL PGD Acc: 0.1905
Val Time: 30.7796
============ Epoch 95 ============
Train Acc: 0.2954
Train Time: 355.8512
Val Acc: 0.3605
VAL FGSM Acc: 0.2000
VAL PGD Acc: 0.1885
Val Time: 30.8474
============ Epoch 96 ============
Train Acc: 0.3056
Train Time: 355.8707
Val Acc: 0.3625
VAL FGSM Acc: 0.2005
VAL PGD Acc: 0.1885
Val Time: 30.8362
============ Epoch 97 ============
Train Acc: 0.3195
Train Time: 356.0839
Val Acc: 0.3655
VAL FGSM Acc: 0.2060
VAL PGD Acc: 0.1875
Val Time: 30.8465
============ Epoch 98 ============
Train Acc: 0.3289
Train Time: 356.7516
Val Acc: 0.3670
VAL FGSM Acc: 0.2065
VAL PGD Acc: 0.1880
Val Time: 30.8111
============ Epoch 99 ============
Train Acc: 0.3293
Train Time: 356.1975
Val Acc: 0.3675
VAL FGSM Acc: 0.2105
VAL PGD Acc: 0.1845
Val Time: 30.8203

Train acc list: [0.010693877551020407, 0.01823469387755102, 0.023275510204081633, 0.028836734693877552, 0.03521428571428571, 0.0403265306122449, 0.04642857142857143, 0.05127551020408163, 0.05612244897959184, 0.06127551020408163, 0.06596938775510204, 0.07017346938775511, 0.0750204081632653, 0.0793265306122449, 0.08460204081632654, 0.08836734693877552, 0.09127551020408163, 0.0941530612244898, 0.09812244897959184, 0.09844897959183674, 0.10035714285714285, 0.10329591836734694, 0.10342857142857143, 0.10635714285714286, 0.1078673469387755, 0.11001020408163266, 0.11023469387755103, 0.11237755102040817, 0.11381632653061224, 0.1153265306122449, 0.11631632653061225, 0.11728571428571428, 0.11823469387755102, 0.11935714285714286, 0.12036734693877552, 0.12136734693877552, 0.12157142857142857, 0.12239795918367347, 0.12230612244897959, 0.12387755102040816, 0.12458163265306123, 0.12579591836734694, 0.12474489795918367, 0.1275, 0.12706122448979593, 0.12779591836734694, 0.12887755102040815, 0.1288877551020408, 0.1304591836734694, 0.1303265306122449, 0.13039795918367347, 0.13198979591836735, 0.13285714285714287, 0.1326938775510204, 0.13431632653061223, 0.13572448979591836, 0.13560204081632654, 0.1370612244897959, 0.13888775510204082, 0.13711224489795917, 0.13915306122448978, 0.14188775510204082, 0.14196938775510204, 0.1433265306122449, 0.14476530612244898, 0.14646938775510204, 0.1478469387755102, 0.1483673469387755, 0.15083673469387754, 0.15292857142857144, 0.1525, 0.15593877551020408, 0.15724489795918367, 0.15920408163265307, 0.16174489795918368, 0.1638061224489796, 0.1678061224489796, 0.16929591836734695, 0.17383673469387756, 0.1764387755102041, 0.1799591836734694, 0.1840408163265306, 0.18868367346938775, 0.19451020408163266, 0.20012244897959183, 0.20446938775510204, 0.21281632653061225, 0.2185, 0.22637755102040816, 0.2339387755102041, 0.2431530612244898, 0.25285714285714284, 0.26329591836734695, 0.27364285714285713, 0.28420408163265304, 0.29542857142857143, 0.3055816326530612, 0.3194795918367347, 0.3288979591836735, 0.329265306122449]
Val acc list: [0.0045, 0.0045, 0.0055, 0.0075, 0.007, 0.0085, 0.0135, 0.0205, 0.027, 0.035, 0.0385, 0.0425, 0.0425, 0.0395, 0.0325, 0.0245, 0.0165, 0.0135, 0.012, 0.0105, 0.0135, 0.017, 0.0275, 0.0525, 0.0855, 0.128, 0.17, 0.2065, 0.226, 0.2365, 0.244, 0.2525, 0.2595, 0.2635, 0.27, 0.275, 0.279, 0.28, 0.2815, 0.283, 0.2865, 0.2865, 0.288, 0.287, 0.2885, 0.291, 0.2915, 0.294, 0.2915, 0.2925, 0.297, 0.297, 0.2955, 0.2975, 0.2945, 0.293, 0.295, 0.299, 0.2985, 0.3005, 0.2985, 0.298, 0.3005, 0.3035, 0.3055, 0.3075, 0.309, 0.3125, 0.3125, 0.315, 0.3175, 0.316, 0.3185, 0.315, 0.315, 0.321, 0.3235, 0.3245, 0.329, 0.332, 0.332, 0.336, 0.3375, 0.3385, 0.3395, 0.3395, 0.3415, 0.348, 0.3505, 0.35, 0.352, 0.3545, 0.3535, 0.3565, 0.359, 0.3605, 0.3625, 0.3655, 0.367, 0.3675]
Val FGSM acc list: [0.0045, 0.0035, 0.005, 0.005, 0.0045, 0.0055, 0.007, 0.01, 0.0125, 0.0125, 0.014, 0.0185, 0.0195, 0.0175, 0.0145, 0.0125, 0.009, 0.0065, 0.006, 0.0065, 0.008, 0.0095, 0.013, 0.0245, 0.045, 0.066, 0.089, 0.1035, 0.1235, 0.135, 0.141, 0.1465, 0.155, 0.158, 0.162, 0.164, 0.166, 0.163, 0.1615, 0.165, 0.1655, 0.1665, 0.1675, 0.1655, 0.169, 0.1715, 0.1715, 0.17, 0.1705, 0.174, 0.176, 0.1775, 0.1775, 0.18, 0.177, 0.177, 0.179, 0.18, 0.181, 0.1795, 0.18, 0.181, 0.181, 0.1805, 0.1785, 0.181, 0.181, 0.1815, 0.184, 0.185, 0.1835, 0.185, 0.1865, 0.186, 0.187, 0.1875, 0.1875, 0.189, 0.1905, 0.1905, 0.191, 0.19, 0.194, 0.197, 0.1945, 0.197, 0.199, 0.196, 0.198, 0.202, 0.2035, 0.2045, 0.204, 0.2025, 0.203, 0.2, 0.2005, 0.206, 0.2065, 0.2105]
Val PGD acc list: [0.0045, 0.0035, 0.005, 0.005, 0.0045, 0.0055, 0.007, 0.011, 0.013, 0.0125, 0.0145, 0.0175, 0.019, 0.018, 0.0145, 0.0125, 0.009, 0.0065, 0.007, 0.007, 0.0085, 0.0095, 0.014, 0.025, 0.045, 0.065, 0.088, 0.1045, 0.124, 0.132, 0.14, 0.1445, 0.1505, 0.1545, 0.1565, 0.161, 0.1605, 0.1575, 0.158, 0.1605, 0.161, 0.1615, 0.163, 0.163, 0.165, 0.166, 0.1675, 0.167, 0.167, 0.168, 0.1675, 0.1715, 0.172, 0.1745, 0.175, 0.1725, 0.1735, 0.1735, 0.172, 0.173, 0.174, 0.177, 0.1765, 0.176, 0.1755, 0.173, 0.175, 0.1745, 0.1775, 0.18, 0.1795, 0.1805, 0.1805, 0.1795, 0.18, 0.1805, 0.1805, 0.1825, 0.182, 0.1845, 0.186, 0.185, 0.185, 0.187, 0.185, 0.1865, 0.188, 0.1855, 0.188, 0.188, 0.19, 0.1905, 0.192, 0.1925, 0.1905, 0.1885, 0.1885, 0.1875, 0.188, 0.1845]
Total training time: 35646.1542
Total validation time: 3084.9528
Total FLOPs: 90.5595 PetaFLOPs




clean accuracy: 35.89 %
pgd-10 accuracy: 18.43 %
pgd-20 accuracy: 17.38 %
pgd-50 accuracy: 17.19 %

using standard version including apgd-ce, apgd-t, fab-t, square.
initial accuracy: 35.89%
apgd-ce - 1/18 - 117 out of 200 successfully perturbed
apgd-ce - 2/18 - 110 out of 200 successfully perturbed
apgd-ce - 3/18 - 96 out of 200 successfully perturbed
apgd-ce - 4/18 - 93 out of 200 successfully perturbed
apgd-ce - 5/18 - 112 out of 200 successfully perturbed
apgd-ce - 6/18 - 100 out of 200 successfully perturbed
apgd-ce - 7/18 - 103 out of 200 successfully perturbed
apgd-ce - 8/18 - 115 out of 200 successfully perturbed
apgd-ce - 9/18 - 108 out of 200 successfully perturbed
apgd-ce - 10/18 - 100 out of 200 successfully perturbed
apgd-ce - 11/18 - 115 out of 200 successfully perturbed
apgd-ce - 12/18 - 108 out of 200 successfully perturbed
apgd-ce - 13/18 - 102 out of 200 successfully perturbed
apgd-ce - 14/18 - 103 out of 200 successfully perturbed
apgd-ce - 15/18 - 104 out of 200 successfully perturbed
apgd-ce - 16/18 - 108 out of 200 successfully perturbed
apgd-ce - 17/18 - 115 out of 200 successfully perturbed
apgd-ce - 18/18 - 88 out of 189 successfully perturbed
robust accuracy after APGD-CE: 16.92% (total time 457.2 s)
apgd-t - 1/9 - 68 out of 200 successfully perturbed
apgd-t - 2/9 - 69 out of 200 successfully perturbed
apgd-t - 3/9 - 66 out of 200 successfully perturbed
apgd-t - 4/9 - 64 out of 200 successfully perturbed
apgd-t - 5/9 - 62 out of 200 successfully perturbed
apgd-t - 6/9 - 65 out of 200 successfully perturbed
apgd-t - 7/9 - 69 out of 200 successfully perturbed
apgd-t - 8/9 - 68 out of 200 successfully perturbed
apgd-t - 9/9 - 24 out of 92 successfully perturbed
robust accuracy after APGD-T: 11.37% (total time 1886.1 s)
fab-t - 1/6 - 0 out of 200 successfully perturbed
fab-t - 2/6 - 1 out of 200 successfully perturbed
fab-t - 3/6 - 1 out of 200 successfully perturbed
fab-t - 4/6 - 0 out of 200 successfully perturbed
fab-t - 5/6 - 0 out of 200 successfully perturbed
fab-t - 6/6 - 0 out of 137 successfully perturbed
robust accuracy after FAB-T: 11.35% (total time 3615.1 s)
square - 1/6 - 0 out of 200 successfully perturbed
square - 2/6 - 0 out of 200 successfully perturbed
square - 3/6 - 0 out of 200 successfully perturbed
square - 4/6 - 0 out of 200 successfully perturbed
square - 5/6 - 0 out of 200 successfully perturbed
square - 6/6 - 0 out of 135 successfully perturbed
robust accuracy after SQUARE: 11.35% (total time 5766.2 s)
max Linf perturbation: 0.04706, nan in tensor: 0, max: 1.00000, min: 0.00000
robust accuracy: 11.35%
